[2020-09-05T13:14:03.612+0000][6][gc,heap] Heap region size: 1M
[2020-09-05T13:14:03.614+0000][6][gc,heap,coops] Heap address: 0x00000000e0000000, size: 512 MB, Compressed Oops mode: 32-bit
[2020-09-05T13:14:05.216+0000][6][gc           ] Using G1
[2020-09-05T13:14:05.218+0000][6][gc,cds       ] Mark closed archive regions in map: [0x00000000fff00000, 0x00000000fff7eff8]
[2020-09-05T13:14:05.225+0000][6][gc,cds       ] Mark open archive regions in map: [0x00000000ffe00000, 0x00000000ffe51ff8]
[2020-09-05T13:14:05.394+0000][6][gc           ] Periodic GC disabled
[2020-09-05T13:14:06.482+0000][6][safepoint    ] Safepoint "Cleanup", Time since last: 1161227900 ns, Reaching safepoint: 3031300 ns, At safepoint: 40000 ns, Total: 3071300 ns
[2020-09-05T13:14:07.486+0000][6][safepoint    ] Safepoint "Cleanup", Time since last: 1000954400 ns, Reaching safepoint: 2863000 ns, At safepoint: 48700 ns, Total: 2911700 ns
[2020-09-05T13:14:08.505+0000][6][safepoint    ] Safepoint "Cleanup", Time since last: 1002246400 ns, Reaching safepoint: 16696500 ns, At safepoint: 52100 ns, Total: 16748600 ns
[2020-09-05T13:14:09.758+0000][6][gc,start     ] GC(0) Pause Young (Normal) (G1 Evacuation Pause)
[2020-09-05T13:14:09.760+0000][6][gc,task      ] GC(0) Using 2 workers of 2 for evacuation
[2020-09-05T13:14:09.760+0000][6][gc,age       ] GC(0) Desired survivor size 2097152 bytes, new threshold 15 (max threshold 15)
[2020-09-05T13:14:09.782+0000][6][gc,age       ] GC(0) Age table with threshold 15 (max threshold 15)
[2020-09-05T13:14:09.783+0000][6][gc,age       ] GC(0) - age   1:    2761648 bytes,    2761648 total
[2020-09-05T13:14:09.783+0000][6][gc,phases    ] GC(0)   Pre Evacuate Collection Set: 0.6ms
[2020-09-05T13:14:09.784+0000][6][gc,phases    ] GC(0)   Merge Heap Roots: 4.0ms
[2020-09-05T13:14:09.784+0000][6][gc,phases    ] GC(0)   Evacuate Collection Set: 13.4ms
[2020-09-05T13:14:09.785+0000][6][gc,phases    ] GC(0)   Post Evacuate Collection Set: 2.9ms
[2020-09-05T13:14:09.785+0000][6][gc,phases    ] GC(0)   Other: 4.6ms
[2020-09-05T13:14:09.786+0000][6][gc,heap      ] GC(0) Eden regions: 25->0(22)
[2020-09-05T13:14:09.787+0000][6][gc,heap      ] GC(0) Survivor regions: 0->3(4)
[2020-09-05T13:14:09.787+0000][6][gc,heap      ] GC(0) Old regions: 0->0
[2020-09-05T13:14:09.788+0000][6][gc,heap      ] GC(0) Archive regions: 2->2
[2020-09-05T13:14:09.788+0000][6][gc,heap      ] GC(0) Humongous regions: 1->1
[2020-09-05T13:14:09.789+0000][6][gc,metaspace ] GC(0) Metaspace: 6125K(8704K)->6125K(8704K) NonClass: 5438K(7680K)->5438K(7680K) Class: 686K(1024K)->686K(1024K)
[2020-09-05T13:14:09.789+0000][6][gc           ] GC(0) Pause Young (Normal) (G1 Evacuation Pause) 26M->4M(512M) 31.771ms
[2020-09-05T13:14:09.790+0000][6][gc,cpu       ] GC(0) User=0.01s Sys=0.01s Real=0.03s
[2020-09-05T13:14:09.791+0000][6][safepoint    ] Safepoint "G1CollectForAllocation", Time since last: 1251486300 ns, Reaching safepoint: 1436200 ns, At safepoint: 33534300 ns, Total: 34970500 ns
[2020-09-05T13:14:11.386+0000][6][safepoint    ] Safepoint "Cleanup", Time since last: 1593258400 ns, Reaching safepoint: 1282500 ns, At safepoint: 457700 ns, Total: 1740200 ns
[2020-09-05T13:14:12.450+0000][6][safepoint    ] Safepoint "Cleanup", Time since last: 1050391400 ns, Reaching safepoint: 13075900 ns, At safepoint: 47900 ns, Total: 13123800 ns
[2020-09-05T13:14:13.473+0000][6][safepoint    ] Safepoint "Cleanup", Time since last: 1013962500 ns, Reaching safepoint: 8669500 ns, At safepoint: 160800 ns, Total: 8830300 ns
[2020-09-05T13:14:15.138+0000][6][safepoint    ] Safepoint "Cleanup", Time since last: 1665481400 ns, Reaching safepoint: 164800 ns, At safepoint: 12900 ns, Total: 177700 ns
[2020-09-05T13:14:16.199+0000][6][gc,start     ] GC(1) Pause Young (Normal) (G1 Evacuation Pause)
[2020-09-05T13:14:16.200+0000][6][gc,task      ] GC(1) Using 2 workers of 2 for evacuation
[2020-09-05T13:14:16.201+0000][6][gc,age       ] GC(1) Desired survivor size 2097152 bytes, new threshold 1 (max threshold 15)
[2020-09-05T13:14:16.231+0000][6][gc,age       ] GC(1) Age table with threshold 1 (max threshold 15)
[2020-09-05T13:14:16.235+0000][6][gc,age       ] GC(1) - age   1:    1293176 bytes,    1293176 total
[2020-09-05T13:14:16.235+0000][6][gc,phases    ] GC(1)   Pre Evacuate Collection Set: 0.6ms
[2020-09-05T13:14:16.236+0000][6][gc,phases    ] GC(1)   Merge Heap Roots: 0.3ms
[2020-09-05T13:14:16.236+0000][6][gc,phases    ] GC(1)   Evacuate Collection Set: 25.8ms
[2020-09-05T13:14:16.238+0000][6][gc,phases    ] GC(1)   Post Evacuate Collection Set: 2.8ms
[2020-09-05T13:14:16.238+0000][6][gc,phases    ] GC(1)   Other: 6.6ms
[2020-09-05T13:14:16.239+0000][6][gc,heap      ] GC(1) Eden regions: 22->0(26)
[2020-09-05T13:14:16.239+0000][6][gc,heap      ] GC(1) Survivor regions: 3->2(4)
[2020-09-05T13:14:16.240+0000][6][gc,heap      ] GC(1) Old regions: 0->3
[2020-09-05T13:14:16.240+0000][6][gc,heap      ] GC(1) Archive regions: 2->2
[2020-09-05T13:14:16.241+0000][6][gc,heap      ] GC(1) Humongous regions: 1->1
[2020-09-05T13:14:16.241+0000][6][gc,metaspace ] GC(1) Metaspace: 10548K(11264K)->10548K(11264K) NonClass: 9238K(9728K)->9238K(9728K) Class: 1309K(1536K)->1309K(1536K)
[2020-09-05T13:14:16.242+0000][6][gc           ] GC(1) Pause Young (Normal) (G1 Evacuation Pause) 26M->5M(512M) 42.136ms
[2020-09-05T13:14:16.242+0000][6][gc,cpu       ] GC(1) User=0.03s Sys=0.01s Real=0.05s
[2020-09-05T13:14:16.243+0000][6][safepoint    ] Safepoint "G1CollectForAllocation", Time since last: 1052904600 ns, Reaching safepoint: 8376200 ns, At safepoint: 43188200 ns, Total: 51564400 ns
[2020-09-05T13:14:17.252+0000][6][safepoint    ] Safepoint "Cleanup", Time since last: 1000897700 ns, Reaching safepoint: 8433800 ns, At safepoint: 43600 ns, Total: 8477400 ns
[2020-09-05T13:14:18.261+0000][6][safepoint    ] Safepoint "Cleanup", Time since last: 1008713500 ns, Reaching safepoint: 491500 ns, At safepoint: 14200 ns, Total: 505700 ns
[2020-09-05T13:14:19.587+0000][6][gc,start     ] GC(2) Pause Young (Normal) (G1 Evacuation Pause)
[2020-09-05T13:14:19.587+0000][6][gc,task      ] GC(2) Using 2 workers of 2 for evacuation
[2020-09-05T13:14:19.588+0000][6][gc,age       ] GC(2) Desired survivor size 2097152 bytes, new threshold 15 (max threshold 15)
[2020-09-05T13:14:19.641+0000][6][gc,age       ] GC(2) Age table with threshold 15 (max threshold 15)
[2020-09-05T13:14:19.642+0000][6][gc,age       ] GC(2) - age   1:    2909448 bytes,    2909448 total
[2020-09-05T13:14:19.643+0000][6][gc,age       ] GC(2) - age   2:    1257816 bytes,    4167264 total
[2020-09-05T13:14:19.644+0000][6][gc,phases    ] GC(2)   Pre Evacuate Collection Set: 0.2ms
[2020-09-05T13:14:19.644+0000][6][gc,phases    ] GC(2)   Merge Heap Roots: 0.2ms
[2020-09-05T13:14:19.645+0000][6][gc,phases    ] GC(2)   Evacuate Collection Set: 35.6ms
[2020-09-05T13:14:19.645+0000][6][gc,phases    ] GC(2)   Post Evacuate Collection Set: 16.3ms
[2020-09-05T13:14:19.646+0000][6][gc,phases    ] GC(2)   Other: 4.9ms
[2020-09-05T13:14:19.647+0000][6][gc,heap      ] GC(2) Eden regions: 26->0(57)
[2020-09-05T13:14:19.649+0000][6][gc,heap      ] GC(2) Survivor regions: 2->4(4)
[2020-09-05T13:14:19.649+0000][6][gc,heap      ] GC(2) Old regions: 3->4
[2020-09-05T13:14:19.650+0000][6][gc,heap      ] GC(2) Archive regions: 2->2
[2020-09-05T13:14:19.650+0000][6][gc,heap      ] GC(2) Humongous regions: 1->1
[2020-09-05T13:14:19.651+0000][6][gc,metaspace ] GC(2) Metaspace: 13426K(14208K)->13426K(14208K) NonClass: 11795K(12288K)->11795K(12288K) Class: 1630K(1920K)->1630K(1920K)
[2020-09-05T13:14:19.651+0000][6][gc           ] GC(2) Pause Young (Normal) (G1 Evacuation Pause) 31M->8M(512M) 64.468ms
[2020-09-05T13:14:19.652+0000][6][gc,cpu       ] GC(2) User=0.02s Sys=0.01s Real=0.07s
[2020-09-05T13:14:19.661+0000][6][safepoint    ] Safepoint "G1CollectForAllocation", Time since last: 1321442400 ns, Reaching safepoint: 4069500 ns, At safepoint: 73966800 ns, Total: 78036300 ns
[2020-09-05T13:14:20.761+0000][6][safepoint    ] Safepoint "Cleanup", Time since last: 1132906000 ns, Reaching safepoint: 346800 ns, At safepoint: 51100 ns, Total: 397900 ns
[2020-09-05T13:14:21.763+0000][6][safepoint    ] Safepoint "Cleanup", Time since last: 1001424100 ns, Reaching safepoint: 426600 ns, At safepoint: 42200 ns, Total: 468800 ns
[2020-09-05T13:14:22.769+0000][6][safepoint    ] Safepoint "Cleanup", Time since last: 1001059900 ns, Reaching safepoint: 288700 ns, At safepoint: 106800 ns, Total: 395500 ns
[2020-09-05T13:14:23.091+0000][6][gc,start     ] GC(3) Pause Young (Normal) (G1 Evacuation Pause)
[2020-09-05T13:14:23.092+0000][6][gc,task      ] GC(3) Using 2 workers of 2 for evacuation
[2020-09-05T13:14:23.092+0000][6][gc,age       ] GC(3) Desired survivor size 4194304 bytes, new threshold 15 (max threshold 15)
[2020-09-05T13:14:23.127+0000][6][gc,age       ] GC(3) Age table with threshold 15 (max threshold 15)
[2020-09-05T13:14:23.138+0000][6][gc,age       ] GC(3) - age   1:    4039800 bytes,    4039800 total
[2020-09-05T13:14:23.139+0000][6][gc,age       ] GC(3) - age   2:    1554160 bytes,    5593960 total
[2020-09-05T13:14:23.139+0000][6][gc,age       ] GC(3) - age   3:    1226744 bytes,    6820704 total
[2020-09-05T13:14:23.140+0000][6][gc,phases    ] GC(3)   Pre Evacuate Collection Set: 0.2ms
[2020-09-05T13:14:23.140+0000][6][gc,phases    ] GC(3)   Merge Heap Roots: 0.2ms
[2020-09-05T13:14:23.141+0000][6][gc,phases    ] GC(3)   Evacuate Collection Set: 23.2ms
[2020-09-05T13:14:23.141+0000][6][gc,phases    ] GC(3)   Post Evacuate Collection Set: 10.1ms
[2020-09-05T13:14:23.142+0000][6][gc,phases    ] GC(3)   Other: 15.0ms
[2020-09-05T13:14:23.142+0000][6][gc,heap      ] GC(3) Eden regions: 57->0(182)
[2020-09-05T13:14:23.143+0000][6][gc,heap      ] GC(3) Survivor regions: 4->7(8)
[2020-09-05T13:14:23.143+0000][6][gc,heap      ] GC(3) Old regions: 4->4
[2020-09-05T13:14:23.144+0000][6][gc,heap      ] GC(3) Archive regions: 2->2
[2020-09-05T13:14:23.144+0000][6][gc,heap      ] GC(3) Humongous regions: 2->1
[2020-09-05T13:14:23.144+0000][6][gc,metaspace ] GC(3) Metaspace: 15829K(16640K)->15829K(16640K) NonClass: 13875K(14336K)->13875K(14336K) Class: 1953K(2304K)->1953K(2304K)
[2020-09-05T13:14:23.145+0000][6][gc           ] GC(3) Pause Young (Normal) (G1 Evacuation Pause) 66M->11M(512M) 53.911ms
[2020-09-05T13:14:23.146+0000][6][gc,cpu       ] GC(3) User=0.02s Sys=0.01s Real=0.05s
[2020-09-05T13:14:23.149+0000][6][safepoint    ] Safepoint "G1CollectForAllocation", Time since last: 327015200 ns, Reaching safepoint: 114900 ns, At safepoint: 57932300 ns, Total: 58047200 ns
[2020-09-05T13:14:23.158+0000][6][safepoint    ] Safepoint "BulkRevokeBias", Time since last: 3400600 ns, Reaching safepoint: 5723400 ns, At safepoint: 149600 ns, Total: 5873000 ns
[2020-09-05T13:14:23.162+0000][6][safepoint    ] Safepoint "BulkRevokeBias", Time since last: 2225600 ns, Reaching safepoint: 1747700 ns, At safepoint: 213000 ns, Total: 1960700 ns
[2020-09-05T13:14:23.164+0000][6][safepoint    ] Safepoint "BulkRevokeBias", Time since last: 809800 ns, Reaching safepoint: 306200 ns, At safepoint: 111800 ns, Total: 418000 ns
[2020-09-05T13:14:24.175+0000][6][safepoint    ] Safepoint "Cleanup", Time since last: 1011469600 ns, Reaching safepoint: 163000 ns, At safepoint: 13100 ns, Total: 176100 ns
[2020-09-05T13:14:25.180+0000][6][safepoint    ] Safepoint "Cleanup", Time since last: 1004088400 ns, Reaching safepoint: 888800 ns, At safepoint: 42900 ns, Total: 931700 ns
[2020-09-05T13:14:26.720+0000][6][gc,start     ] GC(4) Pause Young (Normal) (G1 Evacuation Pause)
[2020-09-05T13:14:26.721+0000][6][gc,task      ] GC(4) Using 2 workers of 2 for evacuation
[2020-09-05T13:14:26.722+0000][6][gc,age       ] GC(4) Desired survivor size 12582912 bytes, new threshold 15 (max threshold 15)
[2020-09-05T13:14:26.783+0000][6][gc,age       ] GC(4) Age table with threshold 15 (max threshold 15)
[2020-09-05T13:14:26.784+0000][6][gc,age       ] GC(4) - age   1:    4012336 bytes,    4012336 total
[2020-09-05T13:14:26.785+0000][6][gc,age       ] GC(4) - age   2:    2283880 bytes,    6296216 total
[2020-09-05T13:14:26.785+0000][6][gc,age       ] GC(4) - age   3:    1554096 bytes,    7850312 total
[2020-09-05T13:14:26.787+0000][6][gc,age       ] GC(4) - age   4:    1226712 bytes,    9077024 total
[2020-09-05T13:14:26.794+0000][6][gc,phases    ] GC(4)   Pre Evacuate Collection Set: 0.2ms
[2020-09-05T13:14:26.794+0000][6][gc,phases    ] GC(4)   Merge Heap Roots: 0.6ms
[2020-09-05T13:14:26.795+0000][6][gc,phases    ] GC(4)   Evacuate Collection Set: 49.0ms
[2020-09-05T13:14:26.797+0000][6][gc,phases    ] GC(4)   Post Evacuate Collection Set: 10.4ms
[2020-09-05T13:14:26.800+0000][6][gc,phases    ] GC(4)   Other: 13.8ms
[2020-09-05T13:14:26.801+0000][6][gc,heap      ] GC(4) Eden regions: 181->0(143)
[2020-09-05T13:14:26.801+0000][6][gc,heap      ] GC(4) Survivor regions: 7->10(24)
[2020-09-05T13:14:26.802+0000][6][gc,heap      ] GC(4) Old regions: 4->4
[2020-09-05T13:14:26.803+0000][6][gc,heap      ] GC(4) Archive regions: 2->2
[2020-09-05T13:14:26.803+0000][6][gc,heap      ] GC(4) Humongous regions: 1->1
[2020-09-05T13:14:26.804+0000][6][gc,metaspace ] GC(4) Metaspace: 17731K(18688K)->17731K(18688K) NonClass: 15552K(16128K)->15552K(16128K) Class: 2178K(2560K)->2178K(2560K)
[2020-09-05T13:14:26.807+0000][6][gc           ] GC(4) Pause Young (Normal) (G1 Evacuation Pause) 192M->14M(512M) 86.930ms
[2020-09-05T13:14:26.807+0000][6][gc,cpu       ] GC(4) User=0.03s Sys=0.01s Real=0.08s
[2020-09-05T13:14:26.811+0000][6][safepoint    ] Safepoint "G1CollectForAllocation", Time since last: 1535369100 ns, Reaching safepoint: 3969800 ns, At safepoint: 90987800 ns, Total: 94957600 ns
[2020-09-05T13:14:26.825+0000][6][safepoint    ] Safepoint "BulkRevokeBias", Time since last: 13683600 ns, Reaching safepoint: 141900 ns, At safepoint: 99700 ns, Total: 241600 ns
[2020-09-05T13:14:28.140+0000][6][safepoint    ] Safepoint "Cleanup", Time since last: 1311380300 ns, Reaching safepoint: 3531100 ns, At safepoint: 16600 ns, Total: 3547700 ns
[2020-09-05T13:14:28.777+0000][6][gc,start     ] GC(5) Pause Young (Normal) (G1 Evacuation Pause)
[2020-09-05T13:14:28.778+0000][6][gc,task      ] GC(5) Using 2 workers of 2 for evacuation
[2020-09-05T13:14:28.778+0000][6][gc,age       ] GC(5) Desired survivor size 10485760 bytes, new threshold 15 (max threshold 15)
[2020-09-05T13:14:28.841+0000][6][gc,age       ] GC(5) Age table with threshold 15 (max threshold 15)
[2020-09-05T13:14:28.841+0000][6][gc,age       ] GC(5) - age   1:    2421080 bytes,    2421080 total
[2020-09-05T13:14:28.845+0000][6][gc,age       ] GC(5) - age   2:    2991856 bytes,    5412936 total
[2020-09-05T13:14:28.846+0000][6][gc,age       ] GC(5) - age   3:    2283680 bytes,    7696616 total
[2020-09-05T13:14:28.846+0000][6][gc,age       ] GC(5) - age   4:    1554096 bytes,    9250712 total
[2020-09-05T13:14:28.847+0000][6][gc,age       ] GC(5) - age   5:    1226712 bytes,   10477424 total
[2020-09-05T13:14:28.847+0000][6][gc,phases    ] GC(5)   Pre Evacuate Collection Set: 0.2ms
[2020-09-05T13:14:28.848+0000][6][gc,phases    ] GC(5)   Merge Heap Roots: 0.2ms
[2020-09-05T13:14:28.848+0000][6][gc,phases    ] GC(5)   Evacuate Collection Set: 46.8ms
[2020-09-05T13:14:28.848+0000][6][gc,phases    ] GC(5)   Post Evacuate Collection Set: 14.4ms
[2020-09-05T13:14:28.849+0000][6][gc,phases    ] GC(5)   Other: 8.1ms
[2020-09-05T13:14:28.853+0000][6][gc,heap      ] GC(5) Eden regions: 143->0(287)
[2020-09-05T13:14:28.854+0000][6][gc,heap      ] GC(5) Survivor regions: 10->11(20)
[2020-09-05T13:14:28.854+0000][6][gc,heap      ] GC(5) Old regions: 4->4
[2020-09-05T13:14:28.855+0000][6][gc,heap      ] GC(5) Archive regions: 2->2
[2020-09-05T13:14:28.855+0000][6][gc,heap      ] GC(5) Humongous regions: 1->1
[2020-09-05T13:14:28.856+0000][6][gc,metaspace ] GC(5) Metaspace: 18218K(19584K)->18218K(19584K) NonClass: 15961K(16896K)->15961K(16896K) Class: 2257K(2688K)->2257K(2688K)
[2020-09-05T13:14:28.856+0000][6][gc           ] GC(5) Pause Young (Normal) (G1 Evacuation Pause) 157M->15M(512M) 78.808ms
[2020-09-05T13:14:28.857+0000][6][gc,cpu       ] GC(5) User=0.05s Sys=0.00s Real=0.08s
[2020-09-05T13:14:28.857+0000][6][safepoint    ] Safepoint "G1CollectForAllocation", Time since last: 637465200 ns, Reaching safepoint: 322800 ns, At safepoint: 79834400 ns, Total: 80157200 ns
[2020-09-05T13:14:28.894+0000][6][safepoint    ] Safepoint "BulkRevokeBias", Time since last: 30305900 ns, Reaching safepoint: 2881100 ns, At safepoint: 3888100 ns, Total: 6769200 ns
[2020-09-05T13:14:29.895+0000][6][safepoint    ] Safepoint "Cleanup", Time since last: 1000893900 ns, Reaching safepoint: 137000 ns, At safepoint: 15000 ns, Total: 152000 ns
[2020-09-05T13:14:30.904+0000][6][safepoint    ] Safepoint "Cleanup", Time since last: 1007822500 ns, Reaching safepoint: 371200 ns, At safepoint: 49600 ns, Total: 420800 ns
[2020-09-05T13:14:31.948+0000][6][safepoint    ] Safepoint "Cleanup", Time since last: 1028878600 ns, Reaching safepoint: 530100 ns, At safepoint: 15400 ns, Total: 545500 ns
[2020-09-05T13:14:32.792+0000][6][gc,start     ] GC(6) Pause Young (Normal) (G1 Evacuation Pause)
[2020-09-05T13:14:32.793+0000][6][gc,task      ] GC(6) Using 2 workers of 2 for evacuation
[2020-09-05T13:14:32.794+0000][6][gc,age       ] GC(6) Desired survivor size 19398656 bytes, new threshold 15 (max threshold 15)
[2020-09-05T13:14:32.881+0000][6][gc,age       ] GC(6) Age table with threshold 15 (max threshold 15)
[2020-09-05T13:14:32.883+0000][6][gc,age       ] GC(6) - age   1:    3060904 bytes,    3060904 total
[2020-09-05T13:14:32.884+0000][6][gc,age       ] GC(6) - age   2:    1217296 bytes,    4278200 total
[2020-09-05T13:14:32.885+0000][6][gc,age       ] GC(6) - age   3:    2987176 bytes,    7265376 total
[2020-09-05T13:14:32.889+0000][6][gc,age       ] GC(6) - age   4:    2282352 bytes,    9547728 total
[2020-09-05T13:14:32.890+0000][6][gc,age       ] GC(6) - age   5:    1554096 bytes,   11101824 total
[2020-09-05T13:14:32.890+0000][6][gc,age       ] GC(6) - age   6:    1226616 bytes,   12328440 total
[2020-09-05T13:14:32.890+0000][6][gc,phases    ] GC(6)   Pre Evacuate Collection Set: 0.3ms
[2020-09-05T13:14:32.891+0000][6][gc,phases    ] GC(6)   Merge Heap Roots: 0.2ms
[2020-09-05T13:14:32.891+0000][6][gc,phases    ] GC(6)   Evacuate Collection Set: 68.4ms
[2020-09-05T13:14:32.892+0000][6][gc,phases    ] GC(6)   Post Evacuate Collection Set: 17.2ms
[2020-09-05T13:14:32.892+0000][6][gc,phases    ] GC(6)   Other: 12.0ms
[2020-09-05T13:14:32.893+0000][6][gc,heap      ] GC(6) Eden regions: 282->0(295)
[2020-09-05T13:14:32.893+0000][6][gc,heap      ] GC(6) Survivor regions: 11->12(37)
[2020-09-05T13:14:32.893+0000][6][gc,heap      ] GC(6) Old regions: 4->4
[2020-09-05T13:14:32.894+0000][6][gc,heap      ] GC(6) Archive regions: 2->2
[2020-09-05T13:14:32.894+0000][6][gc,heap      ] GC(6) Humongous regions: 1->1
[2020-09-05T13:14:32.895+0000][6][gc,metaspace ] GC(6) Metaspace: 19593K(20992K)->19593K(20992K) NonClass: 17195K(18176K)->17195K(18176K) Class: 2398K(2816K)->2398K(2816K)
[2020-09-05T13:14:32.899+0000][6][gc           ] GC(6) Pause Young (Normal) (G1 Evacuation Pause) 297M->16M(512M) 106.876ms
[2020-09-05T13:14:32.900+0000][6][gc,cpu       ] GC(6) User=0.06s Sys=0.02s Real=0.11s
[2020-09-05T13:14:32.900+0000][6][safepoint    ] Safepoint "G1CollectForAllocation", Time since last: 858893700 ns, Reaching safepoint: 409300 ns, At safepoint: 108038700 ns, Total: 108448000 ns
[2020-09-05T13:14:32.903+0000][6][safepoint    ] Safepoint "BulkRevokeBias", Time since last: 2353400 ns, Reaching safepoint: 339900 ns, At safepoint: 96400 ns, Total: 436300 ns
[2020-09-05T13:14:33.916+0000][6][safepoint    ] Safepoint "Cleanup", Time since last: 1012156300 ns, Reaching safepoint: 307100 ns, At safepoint: 17000 ns, Total: 324100 ns
[2020-09-05T13:14:34.923+0000][6][safepoint    ] Safepoint "Cleanup", Time since last: 1002244600 ns, Reaching safepoint: 3025900 ns, At safepoint: 141100 ns, Total: 3167000 ns
[2020-09-05T13:14:35.929+0000][6][safepoint    ] Safepoint "Cleanup", Time since last: 1007042500 ns, Reaching safepoint: 320900 ns, At safepoint: 18600 ns, Total: 339500 ns
[2020-09-05T13:14:36.392+0000][6][gc,start     ] GC(7) Pause Young (Normal) (G1 Evacuation Pause)
[2020-09-05T13:14:36.392+0000][6][gc,task      ] GC(7) Using 2 workers of 2 for evacuation
[2020-09-05T13:14:36.393+0000][6][gc,age       ] GC(7) Desired survivor size 20447232 bytes, new threshold 15 (max threshold 15)
[2020-09-05T13:14:36.493+0000][6][gc,age       ] GC(7) Age table with threshold 15 (max threshold 15)
[2020-09-05T13:14:36.493+0000][6][gc,age       ] GC(7) - age   1:     720088 bytes,     720088 total
[2020-09-05T13:14:36.494+0000][6][gc,age       ] GC(7) - age   2:    2197424 bytes,    2917512 total
[2020-09-05T13:14:36.494+0000][6][gc,age       ] GC(7) - age   3:    1216368 bytes,    4133880 total
[2020-09-05T13:14:36.495+0000][6][gc,age       ] GC(7) - age   4:    2986592 bytes,    7120472 total
[2020-09-05T13:14:36.495+0000][6][gc,age       ] GC(7) - age   5:    2282352 bytes,    9402824 total
[2020-09-05T13:14:36.496+0000][6][gc,age       ] GC(7) - age   6:    1553952 bytes,   10956776 total
[2020-09-05T13:14:36.497+0000][6][gc,age       ] GC(7) - age   7:    1226616 bytes,   12183392 total
[2020-09-05T13:14:36.497+0000][6][gc,phases    ] GC(7)   Pre Evacuate Collection Set: 0.2ms
[2020-09-05T13:14:36.498+0000][6][gc,phases    ] GC(7)   Merge Heap Roots: 0.3ms
[2020-09-05T13:14:36.499+0000][6][gc,phases    ] GC(7)   Evacuate Collection Set: 68.7ms
[2020-09-05T13:14:36.499+0000][6][gc,phases    ] GC(7)   Post Evacuate Collection Set: 29.2ms
[2020-09-05T13:14:36.499+0000][6][gc,phases    ] GC(7)   Other: 7.4ms
[2020-09-05T13:14:36.500+0000][6][gc,heap      ] GC(7) Eden regions: 295->0(294)
[2020-09-05T13:14:36.501+0000][6][gc,heap      ] GC(7) Survivor regions: 12->13(39)
[2020-09-05T13:14:36.501+0000][6][gc,heap      ] GC(7) Old regions: 4->4
[2020-09-05T13:14:36.502+0000][6][gc,heap      ] GC(7) Archive regions: 2->2
[2020-09-05T13:14:36.502+0000][6][gc,heap      ] GC(7) Humongous regions: 1->1
[2020-09-05T13:14:36.502+0000][6][gc,metaspace ] GC(7) Metaspace: 19866K(21248K)->19866K(21248K) NonClass: 17417K(18432K)->17417K(18432K) Class: 2448K(2816K)->2448K(2816K)
[2020-09-05T13:14:36.503+0000][6][gc           ] GC(7) Pause Young (Normal) (G1 Evacuation Pause) 311M->17M(512M) 111.171ms
[2020-09-05T13:14:36.503+0000][6][gc,cpu       ] GC(7) User=0.05s Sys=0.02s Real=0.11s
[2020-09-05T13:14:36.505+0000][6][safepoint    ] Safepoint "G1CollectForAllocation", Time since last: 463010200 ns, Reaching safepoint: 274400 ns, At safepoint: 112848300 ns, Total: 113122700 ns
[2020-09-05T13:14:37.024+0000][6][gc,start     ] GC(8) Pause Young (Concurrent Start) (Metadata GC Threshold)
[2020-09-05T13:14:37.025+0000][6][gc,task      ] GC(8) Using 2 workers of 2 for evacuation
[2020-09-05T13:14:37.025+0000][6][gc,age       ] GC(8) Desired survivor size 20447232 bytes, new threshold 15 (max threshold 15)
[2020-09-05T13:14:37.158+0000][6][gc,age       ] GC(8) Age table with threshold 15 (max threshold 15)
[2020-09-05T13:14:37.159+0000][6][gc,age       ] GC(8) - age   1:    1179064 bytes,    1179064 total
[2020-09-05T13:14:37.160+0000][6][gc,age       ] GC(8) - age   2:     693512 bytes,    1872576 total
[2020-09-05T13:14:37.164+0000][6][gc,age       ] GC(8) - age   3:    2197424 bytes,    4070000 total
[2020-09-05T13:14:37.204+0000][6][gc,age       ] GC(8) - age   4:    1216368 bytes,    5286368 total
[2020-09-05T13:14:37.209+0000][6][gc,age       ] GC(8) - age   5:    2986592 bytes,    8272960 total
[2020-09-05T13:14:37.307+0000][6][gc,age       ] GC(8) - age   6:    2282352 bytes,   10555312 total
[2020-09-05T13:14:37.322+0000][6][gc,age       ] GC(8) - age   7:    1553952 bytes,   12109264 total
[2020-09-05T13:14:37.323+0000][6][gc,age       ] GC(8) - age   8:    1226616 bytes,   13335880 total
[2020-09-05T13:14:37.325+0000][6][gc,mmu       ] GC(8) MMU target violated: 201.0ms (200.0ms/201.0ms)
[2020-09-05T13:14:37.328+0000][6][gc,phases    ] GC(8)   Pre Evacuate Collection Set: 5.1ms
[2020-09-05T13:14:37.334+0000][6][gc,phases    ] GC(8)   Merge Heap Roots: 0.4ms
[2020-09-05T13:14:37.335+0000][6][gc,phases    ] GC(8)   Evacuate Collection Set: 91.4ms
[2020-09-05T13:14:37.337+0000][6][gc,phases    ] GC(8)   Post Evacuate Collection Set: 35.1ms
[2020-09-05T13:14:37.337+0000][6][gc,phases    ] GC(8)   Other: 171.6ms
[2020-09-05T13:14:37.338+0000][6][gc,heap      ] GC(8) Eden regions: 50->0(19)
[2020-09-05T13:14:37.339+0000][6][gc,heap      ] GC(8) Survivor regions: 13->14(39)
[2020-09-05T13:14:37.340+0000][6][gc,heap      ] GC(8) Old regions: 4->4
[2020-09-05T13:14:37.340+0000][6][gc,heap      ] GC(8) Archive regions: 2->2
[2020-09-05T13:14:37.342+0000][6][gc,heap      ] GC(8) Humongous regions: 1->1
[2020-09-05T13:14:37.342+0000][6][gc,metaspace ] GC(8) Metaspace: 19877K(21248K)->19877K(21248K) NonClass: 17427K(18432K)->17427K(18432K) Class: 2450K(2816K)->2450K(2816K)
[2020-09-05T13:14:37.343+0000][6][gc           ] GC(8) Pause Young (Concurrent Start) (Metadata GC Threshold) 66M->18M(512M) 318.461ms
[2020-09-05T13:14:37.343+0000][6][gc,cpu       ] GC(8) User=0.16s Sys=0.04s Real=0.32s
[2020-09-05T13:14:37.344+0000][6][gc           ] GC(9) Concurrent Cycle
[2020-09-05T13:14:37.345+0000][6][gc,marking   ] GC(9) Concurrent Clear Claimed Marks
[2020-09-05T13:14:37.345+0000][6][gc,marking   ] GC(9) Concurrent Clear Claimed Marks 0.677ms
[2020-09-05T13:14:37.346+0000][6][gc,marking   ] GC(9) Concurrent Scan Root Regions
[2020-09-05T13:14:37.349+0000][6][safepoint    ] Safepoint "CollectForMetadataAllocation", Time since last: 518823800 ns, Reaching safepoint: 805000 ns, At safepoint: 324584900 ns, Total: 325389900 ns
[2020-09-05T13:14:37.619+0000][6][gc,marking   ] GC(9) Concurrent Scan Root Regions 272.671ms
[2020-09-05T13:14:37.621+0000][6][gc,marking   ] GC(9) Concurrent Mark (34.178s)
[2020-09-05T13:14:37.627+0000][6][gc,marking   ] GC(9) Concurrent Mark From Roots
[2020-09-05T13:14:37.627+0000][6][gc,task      ] GC(9) Using 1 workers of 1 for marking
[2020-09-05T13:14:37.706+0000][6][gc,marking   ] GC(9) Concurrent Mark From Roots 79.374ms
[2020-09-05T13:14:37.707+0000][6][gc,marking   ] GC(9) Concurrent Preclean
[2020-09-05T13:14:37.708+0000][6][gc,marking   ] GC(9) Concurrent Preclean 0.983ms
[2020-09-05T13:14:37.709+0000][6][gc,marking   ] GC(9) Concurrent Mark (34.178s, 34.267s) 89.267ms
[2020-09-05T13:14:37.755+0000][6][gc,start     ] GC(9) Pause Remark
[2020-09-05T13:14:38.156+0000][6][gc,mmu       ] GC(9) MMU target violated: 201.0ms (200.0ms/201.0ms)
[2020-09-05T13:14:38.157+0000][6][gc           ] GC(9) Pause Remark 20M->20M(512M) 401.824ms
[2020-09-05T13:14:38.158+0000][6][gc,cpu       ] GC(9) User=0.16s Sys=0.03s Real=0.40s
[2020-09-05T13:14:38.161+0000][6][safepoint    ] Safepoint "G1Concurrent", Time since last: 366078800 ns, Reaching safepoint: 40343800 ns, At safepoint: 406012400 ns, Total: 446356200 ns
[2020-09-05T13:14:38.170+0000][6][gc,marking   ] GC(9) Concurrent Rebuild Remembered Sets
[2020-09-05T13:14:38.188+0000][6][gc,marking   ] GC(9) Concurrent Rebuild Remembered Sets 18.239ms
[2020-09-05T13:14:38.191+0000][6][gc,start     ] GC(9) Pause Cleanup
[2020-09-05T13:14:38.199+0000][6][gc           ] GC(9) Pause Cleanup 20M->20M(512M) 8.110ms
[2020-09-05T13:14:38.202+0000][6][gc,cpu       ] GC(9) User=0.00s Sys=0.01s Real=0.01s
[2020-09-05T13:14:38.203+0000][6][safepoint    ] Safepoint "G1Concurrent", Time since last: 28281400 ns, Reaching safepoint: 1241800 ns, At safepoint: 12704000 ns, Total: 13945800 ns
[2020-09-05T13:14:38.205+0000][6][gc,marking   ] GC(9) Concurrent Cleanup for Next Mark
[2020-09-05T13:14:38.250+0000][6][gc,marking   ] GC(9) Concurrent Cleanup for Next Mark 45.016ms
[2020-09-05T13:14:38.256+0000][6][gc           ] GC(9) Concurrent Cycle 911.813ms
[2020-09-05T13:14:39.214+0000][6][safepoint    ] Safepoint "Cleanup", Time since last: 1007351900 ns, Reaching safepoint: 3369200 ns, At safepoint: 8700 ns, Total: 3377900 ns
[2020-09-05T13:14:39.547+0000][6][gc,start     ] GC(10) Pause Young (Normal) (G1 Evacuation Pause)
[2020-09-05T13:14:39.573+0000][6][gc,task      ] GC(10) Using 2 workers of 2 for evacuation
[2020-09-05T13:14:39.578+0000][6][gc,age       ] GC(10) Desired survivor size 5242880 bytes, new threshold 4 (max threshold 15)
[2020-09-05T13:14:39.706+0000][6][gc,age       ] GC(10) Age table with threshold 4 (max threshold 15)
[2020-09-05T13:14:39.710+0000][6][gc,age       ] GC(10) - age   1:    2197056 bytes,    2197056 total
[2020-09-05T13:14:39.711+0000][6][gc,age       ] GC(10) - age   2:    1074720 bytes,    3271776 total
[2020-09-05T13:14:39.711+0000][6][gc,age       ] GC(10) - age   3:     693328 bytes,    3965104 total
[2020-09-05T13:14:39.712+0000][6][gc,age       ] GC(10) - age   4:    2196384 bytes,    6161488 total
[2020-09-05T13:14:39.713+0000][6][gc,phases    ] GC(10)   Pre Evacuate Collection Set: 0.4ms
[2020-09-05T13:14:39.713+0000][6][gc,phases    ] GC(10)   Merge Heap Roots: 0.8ms
[2020-09-05T13:14:39.713+0000][6][gc,phases    ] GC(10)   Evacuate Collection Set: 112.0ms
[2020-09-05T13:14:39.714+0000][6][gc,phases    ] GC(10)   Post Evacuate Collection Set: 12.6ms
[2020-09-05T13:14:39.714+0000][6][gc,phases    ] GC(10)   Other: 39.8ms
[2020-09-05T13:14:39.715+0000][6][gc,heap      ] GC(10) Eden regions: 60->0(300)
[2020-09-05T13:14:39.715+0000][6][gc,heap      ] GC(10) Survivor regions: 14->7(10)
[2020-09-05T13:14:39.715+0000][6][gc,heap      ] GC(10) Old regions: 3->12
[2020-09-05T13:14:39.716+0000][6][gc,heap      ] GC(10) Archive regions: 2->2
[2020-09-05T13:14:39.716+0000][6][gc,heap      ] GC(10) Humongous regions: 1->1
[2020-09-05T13:14:39.717+0000][6][gc,metaspace ] GC(10) Metaspace: 20153K(21884K)->20153K(21884K) NonClass: 17658K(18944K)->17658K(18944K) Class: 2495K(2940K)->2495K(2940K)
[2020-09-05T13:14:39.718+0000][6][gc           ] GC(10) Pause Young (Normal) (G1 Evacuation Pause) 78M->20M(512M) 170.857ms
[2020-09-05T13:14:39.719+0000][6][gc,cpu       ] GC(10) User=0.06s Sys=0.01s Real=0.18s
[2020-09-05T13:14:39.719+0000][6][safepoint    ] Safepoint "G1CollectForAllocation", Time since last: 331033400 ns, Reaching safepoint: 1898300 ns, At safepoint: 172340100 ns, Total: 174238400 ns
[2020-09-05T13:14:40.732+0000][6][safepoint    ] Safepoint "Cleanup", Time since last: 1008053900 ns, Reaching safepoint: 4638500 ns, At safepoint: 43100 ns, Total: 4681600 ns
[2020-09-05T13:14:41.744+0000][6][safepoint    ] Safepoint "Cleanup", Time since last: 1001036500 ns, Reaching safepoint: 10378400 ns, At safepoint: 54400 ns, Total: 10432800 ns
[2020-09-05T13:14:42.746+0000][6][safepoint    ] Safepoint "Cleanup", Time since last: 1002338200 ns, Reaching safepoint: 270500 ns, At safepoint: 38400 ns, Total: 308900 ns
[2020-09-05T13:14:43.761+0000][6][safepoint    ] Safepoint "Cleanup", Time since last: 1014437700 ns, Reaching safepoint: 458200 ns, At safepoint: 21900 ns, Total: 480100 ns
[2020-09-05T13:14:44.473+0000][6][gc,start     ] GC(11) Pause Young (Normal) (G1 Evacuation Pause)
[2020-09-05T13:14:44.474+0000][6][gc,task      ] GC(11) Using 2 workers of 2 for evacuation
[2020-09-05T13:14:44.476+0000][6][gc,age       ] GC(11) Desired survivor size 20447232 bytes, new threshold 15 (max threshold 15)
[2020-09-05T13:14:44.533+0000][6][gc,age       ] GC(11) Age table with threshold 15 (max threshold 15)
[2020-09-05T13:14:44.534+0000][6][gc,age       ] GC(11) - age   1:    2101104 bytes,    2101104 total
[2020-09-05T13:14:44.534+0000][6][gc,age       ] GC(11) - age   2:     205632 bytes,    2306736 total
[2020-09-05T13:14:44.535+0000][6][gc,age       ] GC(11) - age   3:    1074720 bytes,    3381456 total
[2020-09-05T13:14:44.535+0000][6][gc,age       ] GC(11) - age   4:     692592 bytes,    4074048 total
[2020-09-05T13:14:44.536+0000][6][gc,age       ] GC(11) - age   5:    2196320 bytes,    6270368 total
[2020-09-05T13:14:44.536+0000][6][gc,phases    ] GC(11)   Pre Evacuate Collection Set: 0.2ms
[2020-09-05T13:14:44.537+0000][6][gc,phases    ] GC(11)   Merge Heap Roots: 0.4ms
[2020-09-05T13:14:44.537+0000][6][gc,phases    ] GC(11)   Evacuate Collection Set: 32.3ms
[2020-09-05T13:14:44.538+0000][6][gc,phases    ] GC(11)   Post Evacuate Collection Set: 19.0ms
[2020-09-05T13:14:44.542+0000][6][gc,phases    ] GC(11)   Other: 11.3ms
[2020-09-05T13:14:44.543+0000][6][gc,heap      ] GC(11) Eden regions: 300->0(300)
[2020-09-05T13:14:44.543+0000][6][gc,heap      ] GC(11) Survivor regions: 7->7(39)
[2020-09-05T13:14:44.543+0000][6][gc,heap      ] GC(11) Old regions: 12->12
[2020-09-05T13:14:44.544+0000][6][gc,heap      ] GC(11) Archive regions: 2->2
[2020-09-05T13:14:44.544+0000][6][gc,heap      ] GC(11) Humongous regions: 1->1
[2020-09-05T13:14:44.545+0000][6][gc,metaspace ] GC(11) Metaspace: 20393K(22268K)->20393K(22268K) NonClass: 17856K(19200K)->17856K(19200K) Class: 2536K(3068K)->2536K(3068K)
[2020-09-05T13:14:44.545+0000][6][gc           ] GC(11) Pause Young (Normal) (G1 Evacuation Pause) 320M->20M(512M) 72.066ms
[2020-09-05T13:14:44.546+0000][6][gc,cpu       ] GC(11) User=0.03s Sys=0.02s Real=0.07s
[2020-09-05T13:14:44.550+0000][6][safepoint    ] Safepoint "G1CollectForAllocation", Time since last: 712027200 ns, Reaching safepoint: 112500 ns, At safepoint: 76941700 ns, Total: 77054200 ns
[2020-09-05T13:14:46.270+0000][6][safepoint    ] Safepoint "Cleanup", Time since last: 1720058800 ns, Reaching safepoint: 137500 ns, At safepoint: 8400 ns, Total: 145900 ns
[2020-09-05T13:14:47.272+0000][6][safepoint    ] Safepoint "Cleanup", Time since last: 1000966900 ns, Reaching safepoint: 352600 ns, At safepoint: 36900 ns, Total: 389500 ns
[2020-09-05T13:14:48.617+0000][6][safepoint    ] Safepoint "Cleanup", Time since last: 1343550200 ns, Reaching safepoint: 2015100 ns, At safepoint: 16800 ns, Total: 2031900 ns
[2020-09-05T13:14:49.666+0000][6][safepoint    ] Safepoint "Cleanup", Time since last: 1033276700 ns, Reaching safepoint: 10419400 ns, At safepoint: 5293600 ns, Total: 15713000 ns
[2020-09-05T13:14:50.642+0000][6][safepoint    ] Safepoint "Cleanup", Time since last: 1008726500 ns, Reaching safepoint: 2423200 ns, At safepoint: 21300 ns, Total: 2444500 ns
[2020-09-05T13:14:51.644+0000][6][safepoint    ] Safepoint "Cleanup", Time since last: 1001129000 ns, Reaching safepoint: 1058000 ns, At safepoint: 36300 ns, Total: 1094300 ns
[2020-09-05T13:14:52.889+0000][6][safepoint    ] Safepoint "Cleanup", Time since last: 1239900000 ns, Reaching safepoint: 4580500 ns, At safepoint: 41600 ns, Total: 4622100 ns
[2020-09-05T13:14:53.936+0000][6][safepoint    ] Safepoint "Cleanup", Time since last: 1045790500 ns, Reaching safepoint: 964400 ns, At safepoint: 18500 ns, Total: 982900 ns
[2020-09-05T13:14:55.263+0000][6][safepoint    ] Safepoint "Cleanup", Time since last: 1315684000 ns, Reaching safepoint: 11087300 ns, At safepoint: 52900 ns, Total: 11140200 ns
[2020-09-05T13:14:56.270+0000][6][safepoint    ] Safepoint "Cleanup", Time since last: 1006287500 ns, Reaching safepoint: 681100 ns, At safepoint: 14000 ns, Total: 695100 ns
[2020-09-05T13:14:57.719+0000][6][safepoint    ] Safepoint "Cleanup", Time since last: 1125404900 ns, Reaching safepoint: 324306600 ns, At safepoint: 52700 ns, Total: 324359300 ns
[2020-09-05T13:14:58.722+0000][6][safepoint    ] Safepoint "Cleanup", Time since last: 1001469400 ns, Reaching safepoint: 1458000 ns, At safepoint: 51700 ns, Total: 1509700 ns
[2020-09-05T13:14:59.745+0000][6][safepoint    ] Safepoint "Cleanup", Time since last: 1004853100 ns, Reaching safepoint: 17392300 ns, At safepoint: 54700 ns, Total: 17447000 ns
[2020-09-05T13:15:00.754+0000][6][safepoint    ] Safepoint "Cleanup", Time since last: 1006920900 ns, Reaching safepoint: 2329100 ns, At safepoint: 43200 ns, Total: 2372300 ns
[2020-09-05T13:15:01.755+0000][6][safepoint    ] Safepoint "Cleanup", Time since last: 1001000400 ns, Reaching safepoint: 422100 ns, At safepoint: 23500 ns, Total: 445600 ns
[2020-09-05T13:15:02.759+0000][6][safepoint    ] Safepoint "Cleanup", Time since last: 1001369400 ns, Reaching safepoint: 2393700 ns, At safepoint: 52600 ns, Total: 2446300 ns
[2020-09-05T13:15:04.700+0000][6][safepoint    ] Safepoint "Cleanup", Time since last: 1936615300 ns, Reaching safepoint: 4368000 ns, At safepoint: 57600 ns, Total: 4425600 ns
[2020-09-05T13:15:05.702+0000][6][safepoint    ] Safepoint "Cleanup", Time since last: 1001535500 ns, Reaching safepoint: 625000 ns, At safepoint: 42300 ns, Total: 667300 ns
[2020-09-05T13:15:07.727+0000][6][safepoint    ] Safepoint "Cleanup", Time since last: 2002072600 ns, Reaching safepoint: 22018800 ns, At safepoint: 926300 ns, Total: 22945100 ns
[2020-09-05T13:15:08.734+0000][6][safepoint    ] Safepoint "Cleanup", Time since last: 1003550700 ns, Reaching safepoint: 2979400 ns, At safepoint: 44400 ns, Total: 3023800 ns
[2020-09-05T13:15:10.258+0000][6][gc,start     ] GC(12) Pause Young (Concurrent Start) (Metadata GC Threshold)
[2020-09-05T13:15:10.259+0000][6][gc,task      ] GC(12) Using 2 workers of 2 for evacuation
[2020-09-05T13:15:10.260+0000][6][gc,age       ] GC(12) Desired survivor size 20447232 bytes, new threshold 15 (max threshold 15)
[2020-09-05T13:15:10.458+0000][6][gc,age       ] GC(12) Age table with threshold 15 (max threshold 15)
[2020-09-05T13:15:10.459+0000][6][gc,age       ] GC(12) - age   1:   31237912 bytes,   31237912 total
[2020-09-05T13:15:10.459+0000][6][gc,age       ] GC(12) - age   2:    1065088 bytes,   32303000 total
[2020-09-05T13:15:10.459+0000][6][gc,age       ] GC(12) - age   3:     205016 bytes,   32508016 total
[2020-09-05T13:15:10.460+0000][6][gc,age       ] GC(12) - age   4:    1074536 bytes,   33582552 total
[2020-09-05T13:15:10.460+0000][6][gc,age       ] GC(12) - age   5:     689632 bytes,   34272184 total
[2020-09-05T13:15:10.461+0000][6][gc,age       ] GC(12) - age   6:    2186808 bytes,   36458992 total
[2020-09-05T13:15:10.464+0000][6][gc,mmu       ] GC(12) MMU target violated: 201.0ms (200.0ms/201.0ms)
[2020-09-05T13:15:10.464+0000][6][gc,phases    ] GC(12)   Pre Evacuate Collection Set: 0.7ms
[2020-09-05T13:15:10.465+0000][6][gc,phases    ] GC(12)   Merge Heap Roots: 0.3ms
[2020-09-05T13:15:10.471+0000][6][gc,phases    ] GC(12)   Evacuate Collection Set: 181.3ms
[2020-09-05T13:15:10.471+0000][6][gc,phases    ] GC(12)   Post Evacuate Collection Set: 15.0ms
[2020-09-05T13:15:10.472+0000][6][gc,phases    ] GC(12)   Other: 9.0ms
[2020-09-05T13:15:10.473+0000][6][gc,heap      ] GC(12) Eden regions: 299->0(136)
[2020-09-05T13:15:10.473+0000][6][gc,heap      ] GC(12) Survivor regions: 7->35(39)
[2020-09-05T13:15:10.474+0000][6][gc,heap      ] GC(12) Old regions: 12->12
[2020-09-05T13:15:10.474+0000][6][gc,heap      ] GC(12) Archive regions: 2->2
[2020-09-05T13:15:10.475+0000][6][gc,heap      ] GC(12) Humongous regions: 1->1
[2020-09-05T13:15:10.475+0000][6][gc,metaspace ] GC(12) Metaspace: 33025K(36048K)->33025K(36048K) NonClass: 28690K(30720K)->28690K(30720K) Class: 4334K(5328K)->4334K(5328K)
[2020-09-05T13:15:10.476+0000][6][gc           ] GC(12) Pause Young (Concurrent Start) (Metadata GC Threshold) 318M->48M(512M) 217.635ms
[2020-09-05T13:15:10.476+0000][6][gc,cpu       ] GC(12) User=0.13s Sys=0.01s Real=0.22s
[2020-09-05T13:15:10.477+0000][6][gc           ] GC(13) Concurrent Cycle
[2020-09-05T13:15:10.477+0000][6][gc,marking   ] GC(13) Concurrent Clear Claimed Marks
[2020-09-05T13:15:10.478+0000][6][gc,marking   ] GC(13) Concurrent Clear Claimed Marks 0.652ms
[2020-09-05T13:15:10.478+0000][6][gc,marking   ] GC(13) Concurrent Scan Root Regions
[2020-09-05T13:15:10.480+0000][6][safepoint    ] Safepoint "CollectForMetadataAllocation", Time since last: 1522326300 ns, Reaching safepoint: 1722600 ns, At safepoint: 222222100 ns, Total: 223944700 ns
[2020-09-05T13:15:10.649+0000][6][gc,marking   ] GC(13) Concurrent Scan Root Regions 170.644ms
[2020-09-05T13:15:10.649+0000][6][gc,marking   ] GC(13) Concurrent Mark (67.242s)
[2020-09-05T13:15:10.650+0000][6][gc,marking   ] GC(13) Concurrent Mark From Roots
[2020-09-05T13:15:10.651+0000][6][gc,task      ] GC(13) Using 1 workers of 1 for marking
[2020-09-05T13:15:10.738+0000][6][gc,marking   ] GC(13) Concurrent Mark From Roots 87.868ms
[2020-09-05T13:15:10.738+0000][6][gc,marking   ] GC(13) Concurrent Preclean
[2020-09-05T13:15:10.743+0000][6][gc,marking   ] GC(13) Concurrent Preclean 4.618ms
[2020-09-05T13:15:10.744+0000][6][gc,marking   ] GC(13) Concurrent Mark (67.242s, 67.337s) 94.108ms
[2020-09-05T13:15:10.748+0000][6][gc,start     ] GC(13) Pause Remark
[2020-09-05T13:15:10.772+0000][6][gc           ] GC(13) Pause Remark 54M->54M(512M) 23.864ms
[2020-09-05T13:15:10.772+0000][6][gc,cpu       ] GC(13) User=0.01s Sys=0.00s Real=0.02s
[2020-09-05T13:15:10.773+0000][6][safepoint    ] Safepoint "G1Concurrent", Time since last: 265609400 ns, Reaching safepoint: 2155800 ns, At safepoint: 24962900 ns, Total: 27118700 ns
[2020-09-05T13:15:10.785+0000][6][gc,marking   ] GC(13) Concurrent Rebuild Remembered Sets
[2020-09-05T13:15:10.839+0000][6][gc,marking   ] GC(13) Concurrent Rebuild Remembered Sets 53.362ms
[2020-09-05T13:15:10.851+0000][6][gc,start     ] GC(13) Pause Cleanup
[2020-09-05T13:15:10.852+0000][6][gc           ] GC(13) Pause Cleanup 56M->56M(512M) 1.013ms
[2020-09-05T13:15:10.852+0000][6][gc,cpu       ] GC(13) User=0.00s Sys=0.00s Real=0.00s
[2020-09-05T13:15:10.853+0000][6][safepoint    ] Safepoint "G1Concurrent", Time since last: 76797900 ns, Reaching safepoint: 1017300 ns, At safepoint: 2061700 ns, Total: 3079000 ns
[2020-09-05T13:15:10.861+0000][6][gc,marking   ] GC(13) Concurrent Cleanup for Next Mark
[2020-09-05T13:15:10.876+0000][6][gc,marking   ] GC(13) Concurrent Cleanup for Next Mark 15.225ms
[2020-09-05T13:15:10.880+0000][6][gc           ] GC(13) Concurrent Cycle 403.109ms
[2020-09-05T13:15:11.858+0000][6][safepoint    ] Safepoint "Cleanup", Time since last: 1005025400 ns, Reaching safepoint: 355600 ns, At safepoint: 42600 ns, Total: 398200 ns
[2020-09-05T13:15:12.876+0000][6][safepoint    ] Safepoint "Cleanup", Time since last: 1010457000 ns, Reaching safepoint: 7205800 ns, At safepoint: 40500 ns, Total: 7246300 ns
[2020-09-05T13:15:13.418+0000][6][gc,start     ] GC(14) Pause Young (Normal) (G1 Evacuation Pause)
[2020-09-05T13:15:13.419+0000][6][gc,task      ] GC(14) Using 2 workers of 2 for evacuation
[2020-09-05T13:15:13.420+0000][6][gc,age       ] GC(14) Desired survivor size 11534336 bytes, new threshold 1 (max threshold 15)
[2020-09-05T13:15:13.648+0000][6][gc,age       ] GC(14) Age table with threshold 1 (max threshold 15)
[2020-09-05T13:15:13.648+0000][6][gc,age       ] GC(14) - age   1:    2801480 bytes,    2801480 total
[2020-09-05T13:15:13.649+0000][6][gc,mmu       ] GC(14) MMU target violated: 201.0ms (200.0ms/201.0ms)
[2020-09-05T13:15:13.649+0000][6][gc,phases    ] GC(14)   Pre Evacuate Collection Set: 0.9ms
[2020-09-05T13:15:13.650+0000][6][gc,phases    ] GC(14)   Merge Heap Roots: 0.4ms
[2020-09-05T13:15:13.650+0000][6][gc,phases    ] GC(14)   Evacuate Collection Set: 217.6ms
[2020-09-05T13:15:13.651+0000][6][gc,phases    ] GC(14)   Post Evacuate Collection Set: 8.4ms
[2020-09-05T13:15:13.651+0000][6][gc,phases    ] GC(14)   Other: 3.8ms
[2020-09-05T13:15:13.652+0000][6][gc,heap      ] GC(14) Eden regions: 136->0(284)
[2020-09-05T13:15:13.652+0000][6][gc,heap      ] GC(14) Survivor regions: 35->4(22)
[2020-09-05T13:15:13.653+0000][6][gc,heap      ] GC(14) Old regions: 12->47
[2020-09-05T13:15:13.653+0000][6][gc,heap      ] GC(14) Archive regions: 2->2
[2020-09-05T13:15:13.654+0000][6][gc,heap      ] GC(14) Humongous regions: 1->1
[2020-09-05T13:15:13.654+0000][6][gc,metaspace ] GC(14) Metaspace: 35913K(39248K)->35913K(39248K) NonClass: 31247K(33536K)->31247K(33536K) Class: 4665K(5712K)->4665K(5712K)
[2020-09-05T13:15:13.654+0000][6][gc           ] GC(14) Pause Young (Normal) (G1 Evacuation Pause) 184M->51M(512M) 236.038ms
[2020-09-05T13:15:13.655+0000][6][gc,cpu       ] GC(14) User=0.14s Sys=0.02s Real=0.24s
[2020-09-05T13:15:13.655+0000][6][safepoint    ] Safepoint "G1CollectForAllocation", Time since last: 542221000 ns, Reaching safepoint: 119000 ns, At safepoint: 237028200 ns, Total: 237147200 ns
[2020-09-05T13:15:14.675+0000][6][safepoint    ] Safepoint "Cleanup", Time since last: 1009469000 ns, Reaching safepoint: 10147100 ns, At safepoint: 45700 ns, Total: 10192800 ns
[2020-09-05T13:15:15.895+0000][6][safepoint    ] Safepoint "Cleanup", Time since last: 1214359600 ns, Reaching safepoint: 5927100 ns, At safepoint: 19400 ns, Total: 5946500 ns
[2020-09-05T13:15:16.900+0000][6][safepoint    ] Safepoint "Cleanup", Time since last: 1000862000 ns, Reaching safepoint: 3820200 ns, At safepoint: 45200 ns, Total: 3865400 ns
[2020-09-05T13:15:17.904+0000][6][safepoint    ] Safepoint "Cleanup", Time since last: 1004006300 ns, Reaching safepoint: 376800 ns, At safepoint: 42500 ns, Total: 419300 ns
[2020-09-05T13:15:18.908+0000][6][safepoint    ] Safepoint "Cleanup", Time since last: 1000593800 ns, Reaching safepoint: 3119300 ns, At safepoint: 44700 ns, Total: 3164000 ns
[2020-09-05T13:15:19.880+0000][6][safepoint    ] Safepoint "Cleanup", Time since last: 1002527700 ns, Reaching safepoint: 1859600 ns, At safepoint: 25100 ns, Total: 1884700 ns
[2020-09-05T13:15:20.888+0000][6][safepoint    ] Safepoint "Cleanup", Time since last: 1001079000 ns, Reaching safepoint: 6274400 ns, At safepoint: 21100 ns, Total: 6295500 ns
[2020-09-05T13:15:21.848+0000][6][safepoint    ] Safepoint "BulkRevokeBias", Time since last: 959111900 ns, Reaching safepoint: 1002000 ns, At safepoint: 135100 ns, Total: 1137100 ns
[2020-09-05T13:15:21.867+0000][6][safepoint    ] Safepoint "BulkRevokeBias", Time since last: 15243600 ns, Reaching safepoint: 3463000 ns, At safepoint: 193400 ns, Total: 3656400 ns
[2020-09-05T13:15:21.956+0000][6][safepoint    ] Safepoint "BulkRevokeBias", Time since last: 87514200 ns, Reaching safepoint: 1696300 ns, At safepoint: 187600 ns, Total: 1883900 ns
[2020-09-05T13:15:23.044+0000][6][safepoint    ] Safepoint "Cleanup", Time since last: 1076458400 ns, Reaching safepoint: 10873300 ns, At safepoint: 44200 ns, Total: 10917500 ns
[2020-09-05T13:15:24.045+0000][6][safepoint    ] Safepoint "Cleanup", Time since last: 1000745200 ns, Reaching safepoint: 335000 ns, At safepoint: 46700 ns, Total: 381700 ns
[2020-09-05T13:15:25.053+0000][6][safepoint    ] Safepoint "Cleanup", Time since last: 1002595000 ns, Reaching safepoint: 5305200 ns, At safepoint: 27400 ns, Total: 5332600 ns
[2020-09-05T13:15:26.224+0000][6][gc,start     ] GC(15) Pause Young (Concurrent Start) (Metadata GC Threshold)
[2020-09-05T13:15:26.225+0000][6][gc,task      ] GC(15) Using 2 workers of 2 for evacuation
[2020-09-05T13:15:26.225+0000][6][gc,age       ] GC(15) Desired survivor size 18874368 bytes, new threshold 15 (max threshold 15)
[2020-09-05T13:15:26.390+0000][6][gc,age       ] GC(15) Age table with threshold 15 (max threshold 15)
[2020-09-05T13:15:26.390+0000][6][gc,age       ] GC(15) - age   1:    8226472 bytes,    8226472 total
[2020-09-05T13:15:26.391+0000][6][gc,age       ] GC(15) - age   2:    2771992 bytes,   10998464 total
[2020-09-05T13:15:26.391+0000][6][gc,phases    ] GC(15)   Pre Evacuate Collection Set: 0.6ms
[2020-09-05T13:15:26.392+0000][6][gc,phases    ] GC(15)   Merge Heap Roots: 0.4ms
[2020-09-05T13:15:26.392+0000][6][gc,phases    ] GC(15)   Evacuate Collection Set: 148.4ms
[2020-09-05T13:15:26.393+0000][6][gc,phases    ] GC(15)   Post Evacuate Collection Set: 14.2ms
[2020-09-05T13:15:26.393+0000][6][gc,phases    ] GC(15)   Other: 4.1ms
[2020-09-05T13:15:26.395+0000][6][gc,heap      ] GC(15) Eden regions: 153->0(151)
[2020-09-05T13:15:26.395+0000][6][gc,heap      ] GC(15) Survivor regions: 4->11(36)
[2020-09-05T13:15:26.396+0000][6][gc,heap      ] GC(15) Old regions: 47->47
[2020-09-05T13:15:26.397+0000][6][gc,heap      ] GC(15) Archive regions: 2->2
[2020-09-05T13:15:26.397+0000][6][gc,heap      ] GC(15) Humongous regions: 1->1
[2020-09-05T13:15:26.397+0000][6][gc,metaspace ] GC(15) Metaspace: 55101K(60496K)->55101K(60496K) NonClass: 47670K(50944K)->47670K(50944K) Class: 7430K(9552K)->7430K(9552K)
[2020-09-05T13:15:26.398+0000][6][gc           ] GC(15) Pause Young (Concurrent Start) (Metadata GC Threshold) 204M->59M(512M) 174.120ms
[2020-09-05T13:15:26.398+0000][6][gc,cpu       ] GC(15) User=0.09s Sys=0.02s Real=0.17s
[2020-09-05T13:15:26.399+0000][6][gc           ] GC(16) Concurrent Cycle
[2020-09-05T13:15:26.399+0000][6][gc,marking   ] GC(16) Concurrent Clear Claimed Marks
[2020-09-05T13:15:26.401+0000][6][gc,marking   ] GC(16) Concurrent Clear Claimed Marks 1.718ms
[2020-09-05T13:15:26.400+0000][6][safepoint    ] Safepoint "CollectForMetadataAllocation", Time since last: 1170907500 ns, Reaching safepoint: 133400 ns, At safepoint: 175926500 ns, Total: 176059900 ns
[2020-09-05T13:15:26.402+0000][6][gc,marking   ] GC(16) Concurrent Scan Root Regions
[2020-09-05T13:15:26.490+0000][6][gc,marking   ] GC(16) Concurrent Scan Root Regions 88.154ms
[2020-09-05T13:15:26.493+0000][6][gc,marking   ] GC(16) Concurrent Mark (83.118s)
[2020-09-05T13:15:26.493+0000][6][gc,marking   ] GC(16) Concurrent Mark From Roots
[2020-09-05T13:15:26.496+0000][6][gc,task      ] GC(16) Using 1 workers of 1 for marking
[2020-09-05T13:15:26.592+0000][6][safepoint    ] Safepoint "BulkRevokeBias", Time since last: 170262300 ns, Reaching safepoint: 21625700 ns, At safepoint: 150300 ns, Total: 21776000 ns
[2020-09-05T13:15:26.648+0000][6][safepoint    ] Safepoint "CollectForMetadataAllocation", Time since last: 53870500 ns, Reaching safepoint: 2445500 ns, At safepoint: 374000 ns, Total: 2819500 ns
[2020-09-05T13:15:27.014+0000][6][gc,marking   ] GC(16) Concurrent Mark From Roots 520.140ms
[2020-09-05T13:15:27.014+0000][6][gc,marking   ] GC(16) Concurrent Preclean
[2020-09-05T13:15:27.015+0000][6][gc,marking   ] GC(16) Concurrent Preclean 0.718ms
[2020-09-05T13:15:27.016+0000][6][gc,marking   ] GC(16) Concurrent Mark (83.118s, 83.641s) 522.939ms
[2020-09-05T13:15:27.026+0000][6][gc,start     ] GC(16) Pause Remark
[2020-09-05T13:15:27.066+0000][6][gc           ] GC(16) Pause Remark 63M->63M(512M) 40.715ms
[2020-09-05T13:15:27.069+0000][6][gc,cpu       ] GC(16) User=0.01s Sys=0.00s Real=0.04s
[2020-09-05T13:15:27.069+0000][6][safepoint    ] Safepoint "G1Concurrent", Time since last: 367869100 ns, Reaching safepoint: 9367400 ns, At safepoint: 43532700 ns, Total: 52900100 ns
[2020-09-05T13:15:27.070+0000][6][gc,marking   ] GC(16) Concurrent Rebuild Remembered Sets
[2020-09-05T13:15:27.286+0000][6][gc,marking   ] GC(16) Concurrent Rebuild Remembered Sets 216.348ms
[2020-09-05T13:15:27.297+0000][6][gc,start     ] GC(16) Pause Cleanup
[2020-09-05T13:15:27.298+0000][6][gc           ] GC(16) Pause Cleanup 67M->67M(512M) 0.873ms
[2020-09-05T13:15:27.299+0000][6][gc,cpu       ] GC(16) User=0.00s Sys=0.00s Real=0.00s
[2020-09-05T13:15:27.299+0000][6][safepoint    ] Safepoint "G1Concurrent", Time since last: 220429100 ns, Reaching safepoint: 7625300 ns, At safepoint: 1828000 ns, Total: 9453300 ns
[2020-09-05T13:15:27.300+0000][6][gc,marking   ] GC(16) Concurrent Cleanup for Next Mark
[2020-09-05T13:15:27.320+0000][6][gc,marking   ] GC(16) Concurrent Cleanup for Next Mark 20.535ms
[2020-09-05T13:15:27.322+0000][6][gc           ] GC(16) Concurrent Cycle 922.706ms
[2020-09-05T13:15:28.803+0000][6][safepoint    ] Safepoint "Cleanup", Time since last: 1500494200 ns, Reaching safepoint: 3355300 ns, At safepoint: 60800 ns, Total: 3416100 ns
[2020-09-05T13:15:29.814+0000][6][safepoint    ] Safepoint "Cleanup", Time since last: 1000788100 ns, Reaching safepoint: 10532700 ns, At safepoint: 46100 ns, Total: 10578800 ns
[2020-09-05T13:15:31.823+0000][6][safepoint    ] Safepoint "Cleanup", Time since last: 2001196500 ns, Reaching safepoint: 7074000 ns, At safepoint: 48600 ns, Total: 7122600 ns
[2020-09-05T13:15:32.827+0000][6][safepoint    ] Safepoint "Cleanup", Time since last: 1003038500 ns, Reaching safepoint: 971600 ns, At safepoint: 14300 ns, Total: 985900 ns
[2020-09-05T13:15:33.828+0000][6][safepoint    ] Safepoint "Cleanup", Time since last: 1001054000 ns, Reaching safepoint: 364200 ns, At safepoint: 40000 ns, Total: 404200 ns
[2020-09-05T13:15:33.988+0000][6][gc,start     ] GC(17) Pause Young (Concurrent Start) (G1 Evacuation Pause)
[2020-09-05T13:15:33.988+0000][6][gc,task      ] GC(17) Using 2 workers of 2 for evacuation
[2020-09-05T13:15:33.989+0000][6][gc,age       ] GC(17) Desired survivor size 11010048 bytes, new threshold 15 (max threshold 15)
[2020-09-05T13:15:34.088+0000][6][gc,age       ] GC(17) Age table with threshold 15 (max threshold 15)
[2020-09-05T13:15:34.089+0000][6][gc,age       ] GC(17) - age   1:    2368128 bytes,    2368128 total
[2020-09-05T13:15:34.089+0000][6][gc,age       ] GC(17) - age   2:    7957584 bytes,   10325712 total
[2020-09-05T13:15:34.090+0000][6][gc,age       ] GC(17) - age   3:    2766200 bytes,   13091912 total
[2020-09-05T13:15:34.090+0000][6][gc,phases    ] GC(17)   Pre Evacuate Collection Set: 0.8ms
[2020-09-05T13:15:34.090+0000][6][gc,phases    ] GC(17)   Merge Heap Roots: 0.5ms
[2020-09-05T13:15:34.091+0000][6][gc,phases    ] GC(17)   Evacuate Collection Set: 88.0ms
[2020-09-05T13:15:34.091+0000][6][gc,phases    ] GC(17)   Post Evacuate Collection Set: 8.0ms
[2020-09-05T13:15:34.092+0000][6][gc,phases    ] GC(17)   Other: 5.1ms
[2020-09-05T13:15:34.092+0000][6][gc,heap      ] GC(17) Eden regions: 151->0(187)
[2020-09-05T13:15:34.093+0000][6][gc,heap      ] GC(17) Survivor regions: 11->13(21)
[2020-09-05T13:15:34.093+0000][6][gc,heap      ] GC(17) Old regions: 47->47
[2020-09-05T13:15:34.094+0000][6][gc,heap      ] GC(17) Archive regions: 2->2
[2020-09-05T13:15:34.094+0000][6][gc,heap      ] GC(17) Humongous regions: 1->1
[2020-09-05T13:15:34.095+0000][6][gc,metaspace ] GC(17) Metaspace: 66516K(72436K)->66516K(72436K) NonClass: 57309K(60836K)->57309K(60836K) Class: 9207K(11600K)->9207K(11600K)
[2020-09-05T13:15:34.095+0000][6][gc           ] GC(17) Pause Young (Concurrent Start) (G1 Evacuation Pause) 210M->61M(512M) 107.381ms
[2020-09-05T13:15:34.096+0000][6][gc,cpu       ] GC(17) User=0.05s Sys=0.02s Real=0.11s
[2020-09-05T13:15:34.096+0000][6][gc           ] GC(18) Concurrent Cycle
[2020-09-05T13:15:34.096+0000][6][gc,marking   ] GC(18) Concurrent Clear Claimed Marks
[2020-09-05T13:15:34.097+0000][6][gc,marking   ] GC(18) Concurrent Clear Claimed Marks 0.855ms
[2020-09-05T13:15:34.099+0000][6][gc,marking   ] GC(18) Concurrent Scan Root Regions
[2020-09-05T13:15:34.105+0000][6][safepoint    ] Safepoint "G1CollectForAllocation", Time since last: 157968800 ns, Reaching safepoint: 1599400 ns, At safepoint: 108717200 ns, Total: 110316600 ns
[2020-09-05T13:15:34.149+0000][6][gc,marking   ] GC(18) Concurrent Scan Root Regions 50.166ms
[2020-09-05T13:15:34.152+0000][6][gc,marking   ] GC(18) Concurrent Mark (90.777s)
[2020-09-05T13:15:34.152+0000][6][gc,marking   ] GC(18) Concurrent Mark From Roots
[2020-09-05T13:15:34.153+0000][6][gc,task      ] GC(18) Using 1 workers of 1 for marking
[2020-09-05T13:15:34.592+0000][6][gc,marking   ] GC(18) Concurrent Mark From Roots 439.902ms
[2020-09-05T13:15:34.592+0000][6][gc,marking   ] GC(18) Concurrent Preclean
[2020-09-05T13:15:34.593+0000][6][gc,marking   ] GC(18) Concurrent Preclean 0.629ms
[2020-09-05T13:15:34.593+0000][6][gc,marking   ] GC(18) Concurrent Mark (90.777s, 91.219s) 441.912ms
[2020-09-05T13:15:34.598+0000][6][gc,start     ] GC(18) Pause Remark
[2020-09-05T13:15:34.622+0000][6][gc           ] GC(18) Pause Remark 66M->66M(512M) 23.839ms
[2020-09-05T13:15:34.622+0000][6][gc,cpu       ] GC(18) User=0.01s Sys=0.00s Real=0.03s
[2020-09-05T13:15:34.623+0000][6][safepoint    ] Safepoint "G1Concurrent", Time since last: 497609300 ns, Reaching safepoint: 3777500 ns, At safepoint: 24923700 ns, Total: 28701200 ns
[2020-09-05T13:15:34.623+0000][6][gc,marking   ] GC(18) Concurrent Rebuild Remembered Sets
[2020-09-05T13:15:34.990+0000][6][gc,marking   ] GC(18) Concurrent Rebuild Remembered Sets 366.753ms
[2020-09-05T13:15:34.995+0000][6][gc,start     ] GC(18) Pause Cleanup
[2020-09-05T13:15:34.998+0000][6][gc           ] GC(18) Pause Cleanup 69M->69M(512M) 2.326ms
[2020-09-05T13:15:34.998+0000][6][gc,cpu       ] GC(18) User=0.00s Sys=0.00s Real=0.00s
[2020-09-05T13:15:34.999+0000][6][safepoint    ] Safepoint "G1Concurrent", Time since last: 371622000 ns, Reaching safepoint: 1030000 ns, At safepoint: 3352100 ns, Total: 4382100 ns
[2020-09-05T13:15:34.999+0000][6][gc,marking   ] GC(18) Concurrent Cleanup for Next Mark
[2020-09-05T13:15:35.001+0000][6][gc,marking   ] GC(18) Concurrent Cleanup for Next Mark 1.798ms
[2020-09-05T13:15:35.001+0000][6][gc           ] GC(18) Concurrent Cycle 905.426ms
[2020-09-05T13:15:36.483+0000][6][safepoint    ] Safepoint "Cleanup", Time since last: 1479648200 ns, Reaching safepoint: 4490000 ns, At safepoint: 44600 ns, Total: 4534600 ns
[2020-09-05T13:15:36.907+0000][6][safepoint    ] Safepoint "BulkRevokeBias", Time since last: 422914000 ns, Reaching safepoint: 648600 ns, At safepoint: 1037400 ns, Total: 1686000 ns
[2020-09-05T13:15:38.660+0000][6][safepoint    ] Safepoint "Cleanup", Time since last: 1750273400 ns, Reaching safepoint: 1860900 ns, At safepoint: 39100 ns, Total: 1900000 ns
[2020-09-05T13:15:39.663+0000][6][safepoint    ] Safepoint "Cleanup", Time since last: 1001716800 ns, Reaching safepoint: 1104400 ns, At safepoint: 43000 ns, Total: 1147400 ns
[2020-09-05T13:15:40.668+0000][6][safepoint    ] Safepoint "Cleanup", Time since last: 1000982500 ns, Reaching safepoint: 3890300 ns, At safepoint: 69000 ns, Total: 3959300 ns
[2020-09-05T13:15:41.670+0000][6][safepoint    ] Safepoint "Cleanup", Time since last: 1002063700 ns, Reaching safepoint: 301400 ns, At safepoint: 19000 ns, Total: 320400 ns
[2020-09-05T13:15:42.672+0000][6][safepoint    ] Safepoint "Cleanup", Time since last: 1001484400 ns, Reaching safepoint: 1093800 ns, At safepoint: 50800 ns, Total: 1144600 ns
[2020-09-05T13:15:43.802+0000][6][safepoint    ] Safepoint "Cleanup", Time since last: 1129109300 ns, Reaching safepoint: 122100 ns, At safepoint: 15600 ns, Total: 137700 ns
[2020-09-05T13:15:45.339+0000][6][safepoint    ] Safepoint "Cleanup", Time since last: 1536311300 ns, Reaching safepoint: 933900 ns, At safepoint: 30700 ns, Total: 964600 ns
[2020-09-05T13:15:46.341+0000][6][safepoint    ] Safepoint "Cleanup", Time since last: 1002134600 ns, Reaching safepoint: 251100 ns, At safepoint: 12600 ns, Total: 263700 ns
[2020-09-05T13:15:47.346+0000][6][safepoint    ] Safepoint "Cleanup", Time since last: 1001131400 ns, Reaching safepoint: 3934900 ns, At safepoint: 19600 ns, Total: 3954500 ns
[2020-09-05T13:15:48.371+0000][6][safepoint    ] Safepoint "Cleanup", Time since last: 1024521300 ns, Reaching safepoint: 121500 ns, At safepoint: 12000 ns, Total: 133500 ns
[2020-09-05T13:15:48.529+0000][6][safepoint    ] Safepoint "BulkRevokeBias", Time since last: 153379100 ns, Reaching safepoint: 2016900 ns, At safepoint: 2397400 ns, Total: 4414300 ns
[2020-09-05T13:15:49.568+0000][6][gc,start     ] GC(19) Pause Young (Normal) (G1 Evacuation Pause)
[2020-09-05T13:15:49.569+0000][6][gc,task      ] GC(19) Using 2 workers of 2 for evacuation
[2020-09-05T13:15:49.570+0000][6][gc,age       ] GC(19) Desired survivor size 13107200 bytes, new threshold 15 (max threshold 15)
[2020-09-05T13:15:49.775+0000][6][gc,age       ] GC(19) Age table with threshold 15 (max threshold 15)
[2020-09-05T13:15:49.776+0000][6][gc,age       ] GC(19) - age   1:    6502336 bytes,    6502336 total
[2020-09-05T13:15:49.777+0000][6][gc,age       ] GC(19) - age   2:    2257848 bytes,    8760184 total
[2020-09-05T13:15:49.777+0000][6][gc,age       ] GC(19) - age   3:    7868040 bytes,   16628224 total
[2020-09-05T13:15:49.778+0000][6][gc,age       ] GC(19) - age   4:    2665032 bytes,   19293256 total
[2020-09-05T13:15:49.778+0000][6][gc,mmu       ] GC(19) MMU target violated: 201.0ms (200.0ms/201.0ms)
[2020-09-05T13:15:49.779+0000][6][gc,phases    ] GC(19)   Pre Evacuate Collection Set: 0.2ms
[2020-09-05T13:15:49.779+0000][6][gc,phases    ] GC(19)   Merge Heap Roots: 0.3ms
[2020-09-05T13:15:49.780+0000][6][gc,phases    ] GC(19)   Evacuate Collection Set: 211.1ms
[2020-09-05T13:15:49.780+0000][6][gc,phases    ] GC(19)   Post Evacuate Collection Set: 25.5ms
[2020-09-05T13:15:49.781+0000][6][gc,phases    ] GC(19)   Other: 8.0ms
[2020-09-05T13:15:49.782+0000][6][gc,heap      ] GC(19) Eden regions: 187->0(113)
[2020-09-05T13:15:49.782+0000][6][gc,heap      ] GC(19) Survivor regions: 13->19(25)
[2020-09-05T13:15:49.783+0000][6][gc,heap      ] GC(19) Old regions: 47->47
[2020-09-05T13:15:49.783+0000][6][gc,heap      ] GC(19) Archive regions: 2->2
[2020-09-05T13:15:49.784+0000][6][gc,heap      ] GC(19) Humongous regions: 1->1
[2020-09-05T13:15:49.784+0000][6][gc,metaspace ] GC(19) Metaspace: 81919K(89076K)->81919K(89076K) NonClass: 70659K(74916K)->70659K(74916K) Class: 11260K(14160K)->11260K(14160K)
[2020-09-05T13:15:49.785+0000][6][gc           ] GC(19) Pause Young (Normal) (G1 Evacuation Pause) 248M->67M(512M) 251.237ms
[2020-09-05T13:15:49.785+0000][6][gc,cpu       ] GC(19) User=0.11s Sys=0.03s Real=0.25s
[2020-09-05T13:15:49.787+0000][6][safepoint    ] Safepoint "G1CollectForAllocation", Time since last: 1035103800 ns, Reaching safepoint: 3744800 ns, At safepoint: 253232000 ns, Total: 256976800 ns
[2020-09-05T13:15:51.553+0000][6][safepoint    ] Safepoint "Cleanup", Time since last: 1763127200 ns, Reaching safepoint: 2932500 ns, At safepoint: 13900 ns, Total: 2946400 ns
[2020-09-05T13:15:51.853+0000][6][safepoint    ] Safepoint "BulkRevokeBias", Time since last: 287240900 ns, Reaching safepoint: 12199300 ns, At safepoint: 490100 ns, Total: 12689400 ns
[2020-09-05T13:15:53.034+0000][6][safepoint    ] Safepoint "Cleanup", Time since last: 1178583200 ns, Reaching safepoint: 2260300 ns, At safepoint: 16000 ns, Total: 2276300 ns
[2020-09-05T13:15:53.289+0000][6][safepoint    ] Safepoint "BulkRevokeBias", Time since last: 254330700 ns, Reaching safepoint: 218900 ns, At safepoint: 1130900 ns, Total: 1349800 ns
[2020-09-05T13:15:54.616+0000][6][safepoint    ] Safepoint "Cleanup", Time since last: 1325602700 ns, Reaching safepoint: 1015200 ns, At safepoint: 21800 ns, Total: 1037000 ns
[2020-09-05T13:15:55.764+0000][6][safepoint    ] Safepoint "Cleanup", Time since last: 1144483900 ns, Reaching safepoint: 3128800 ns, At safepoint: 72700 ns, Total: 3201500 ns
[2020-09-05T13:15:56.944+0000][6][safepoint    ] Safepoint "Cleanup", Time since last: 1175000300 ns, Reaching safepoint: 4958500 ns, At safepoint: 53300 ns, Total: 5011800 ns
[2020-09-05T13:15:58.025+0000][6][safepoint    ] Safepoint "Cleanup", Time since last: 1080483300 ns, Reaching safepoint: 470900 ns, At safepoint: 56300 ns, Total: 527200 ns
[2020-09-05T13:15:58.567+0000][6][gc,start     ] GC(20) Pause Young (Normal) (G1 Evacuation Pause)
[2020-09-05T13:15:58.567+0000][6][gc,task      ] GC(20) Using 2 workers of 2 for evacuation
[2020-09-05T13:15:58.568+0000][6][gc,age       ] GC(20) Desired survivor size 8912896 bytes, new threshold 3 (max threshold 15)
[2020-09-05T13:15:58.728+0000][6][gc,age       ] GC(20) Age table with threshold 3 (max threshold 15)
[2020-09-05T13:15:58.728+0000][6][gc,age       ] GC(20) - age   1:    4427768 bytes,    4427768 total
[2020-09-05T13:15:58.729+0000][6][gc,age       ] GC(20) - age   2:    6145144 bytes,   10572912 total
[2020-09-05T13:15:58.729+0000][6][gc,age       ] GC(20) - age   3:    2251632 bytes,   12824544 total
[2020-09-05T13:15:58.730+0000][6][gc,phases    ] GC(20)   Pre Evacuate Collection Set: 0.2ms
[2020-09-05T13:15:58.730+0000][6][gc,phases    ] GC(20)   Merge Heap Roots: 5.7ms
[2020-09-05T13:15:58.731+0000][6][gc,phases    ] GC(20)   Evacuate Collection Set: 143.3ms
[2020-09-05T13:15:58.731+0000][6][gc,phases    ] GC(20)   Post Evacuate Collection Set: 9.7ms
[2020-09-05T13:15:58.732+0000][6][gc,phases    ] GC(20)   Other: 4.1ms
[2020-09-05T13:15:58.732+0000][6][gc,heap      ] GC(20) Eden regions: 113->0(275)
[2020-09-05T13:15:58.733+0000][6][gc,heap      ] GC(20) Survivor regions: 19->13(17)
[2020-09-05T13:15:58.733+0000][6][gc,heap      ] GC(20) Old regions: 47->57
[2020-09-05T13:15:58.733+0000][6][gc,heap      ] GC(20) Archive regions: 2->2
[2020-09-05T13:15:58.734+0000][6][gc,heap      ] GC(20) Humongous regions: 7->7
[2020-09-05T13:15:58.734+0000][6][gc,metaspace ] GC(20) Metaspace: 87928K(95348K)->87928K(95348K) NonClass: 75838K(80292K)->75838K(80292K) Class: 12089K(15056K)->12089K(15056K)
[2020-09-05T13:15:58.735+0000][6][gc           ] GC(20) Pause Young (Normal) (G1 Evacuation Pause) 186M->77M(512M) 167.740ms
[2020-09-05T13:15:58.735+0000][6][gc,cpu       ] GC(20) User=0.08s Sys=0.02s Real=0.16s
[2020-09-05T13:15:58.736+0000][6][safepoint    ] Safepoint "G1CollectForAllocation", Time since last: 540982300 ns, Reaching safepoint: 1128100 ns, At safepoint: 169171200 ns, Total: 170299300 ns
[2020-09-05T13:15:59.332+0000][6][safepoint    ] Safepoint "BulkRevokeBias", Time since last: 590378300 ns, Reaching safepoint: 4583300 ns, At safepoint: 789700 ns, Total: 5373000 ns
[2020-09-05T13:16:00.750+0000][6][safepoint    ] Safepoint "Cleanup", Time since last: 1416121800 ns, Reaching safepoint: 1685600 ns, At safepoint: 20400 ns, Total: 1706000 ns
[2020-09-05T13:16:02.311+0000][6][safepoint    ] Safepoint "Cleanup", Time since last: 1560342200 ns, Reaching safepoint: 557900 ns, At safepoint: 419400 ns, Total: 977300 ns
[2020-09-05T13:16:03.428+0000][6][safepoint    ] Safepoint "Cleanup", Time since last: 1114918600 ns, Reaching safepoint: 1733500 ns, At safepoint: 103600 ns, Total: 1837100 ns
[2020-09-05T13:16:04.434+0000][6][safepoint    ] Safepoint "Cleanup", Time since last: 1003190200 ns, Reaching safepoint: 3109000 ns, At safepoint: 31800 ns, Total: 3140800 ns
[2020-09-05T13:16:06.144+0000][6][safepoint    ] Safepoint "Cleanup", Time since last: 1707628000 ns, Reaching safepoint: 1867200 ns, At safepoint: 37500 ns, Total: 1904700 ns
[2020-09-05T13:16:07.269+0000][6][safepoint    ] Safepoint "Cleanup", Time since last: 1124968400 ns, Reaching safepoint: 926000 ns, At safepoint: 35500 ns, Total: 961500 ns
[2020-09-05T13:16:07.284+0000][6][safepoint    ] Safepoint "BulkRevokeBias", Time since last: 12946900 ns, Reaching safepoint: 1168400 ns, At safepoint: 385200 ns, Total: 1553600 ns
[2020-09-05T13:16:08.367+0000][6][safepoint    ] Safepoint "Cleanup", Time since last: 1080329800 ns, Reaching safepoint: 2363100 ns, At safepoint: 52100 ns, Total: 2415200 ns
[2020-09-05T13:16:09.615+0000][6][safepoint    ] Safepoint "Cleanup", Time since last: 1243076200 ns, Reaching safepoint: 5355300 ns, At safepoint: 131100 ns, Total: 5486400 ns
[2020-09-05T13:16:10.761+0000][6][safepoint    ] Safepoint "Cleanup", Time since last: 1144150100 ns, Reaching safepoint: 1088100 ns, At safepoint: 17000 ns, Total: 1105100 ns
[2020-09-05T13:16:11.775+0000][6][safepoint    ] Safepoint "Cleanup", Time since last: 1012988200 ns, Reaching safepoint: 1139400 ns, At safepoint: 22700 ns, Total: 1162100 ns
[2020-09-05T13:16:12.782+0000][6][safepoint    ] Safepoint "Cleanup", Time since last: 1002998100 ns, Reaching safepoint: 4114300 ns, At safepoint: 52100 ns, Total: 4166400 ns
[2020-09-05T13:16:14.411+0000][6][safepoint    ] Safepoint "Cleanup", Time since last: 1625079200 ns, Reaching safepoint: 3527600 ns, At safepoint: 219000 ns, Total: 3746600 ns
[2020-09-05T13:16:16.322+0000][6][safepoint    ] Safepoint "Cleanup", Time since last: 1908122100 ns, Reaching safepoint: 3425000 ns, At safepoint: 64100 ns, Total: 3489100 ns
[2020-09-05T13:16:17.527+0000][6][safepoint    ] Safepoint "Cleanup", Time since last: 1204729800 ns, Reaching safepoint: 241300 ns, At safepoint: 38000 ns, Total: 279300 ns
[2020-09-05T13:16:18.726+0000][6][safepoint    ] Safepoint "Cleanup", Time since last: 1198004400 ns, Reaching safepoint: 310700 ns, At safepoint: 13100 ns, Total: 323800 ns
[2020-09-05T13:16:20.067+0000][6][safepoint    ] Safepoint "Cleanup", Time since last: 1377123200 ns, Reaching safepoint: 167600 ns, At safepoint: 12800 ns, Total: 180400 ns
[2020-09-05T13:16:21.068+0000][6][safepoint    ] Safepoint "Cleanup", Time since last: 1000762200 ns, Reaching safepoint: 148600 ns, At safepoint: 13300 ns, Total: 161900 ns
[2020-09-05T13:16:22.069+0000][6][safepoint    ] Safepoint "Cleanup", Time since last: 1000705100 ns, Reaching safepoint: 144900 ns, At safepoint: 13300 ns, Total: 158200 ns
[2020-09-05T13:16:23.079+0000][6][safepoint    ] Safepoint "Cleanup", Time since last: 1009675700 ns, Reaching safepoint: 168500 ns, At safepoint: 16500 ns, Total: 185000 ns
[2020-09-05T13:16:24.130+0000][6][safepoint    ] Safepoint "Cleanup", Time since last: 1050757200 ns, Reaching safepoint: 338600 ns, At safepoint: 18700 ns, Total: 357300 ns
[2020-09-05T13:16:25.513+0000][6][safepoint    ] Safepoint "Cleanup", Time since last: 1382719300 ns, Reaching safepoint: 139300 ns, At safepoint: 13000 ns, Total: 152300 ns
[2020-09-05T13:16:26.514+0000][6][safepoint    ] Safepoint "Cleanup", Time since last: 1000880000 ns, Reaching safepoint: 204200 ns, At safepoint: 19800 ns, Total: 224000 ns
[2020-09-05T13:16:27.515+0000][6][safepoint    ] Safepoint "Cleanup", Time since last: 1000750100 ns, Reaching safepoint: 148300 ns, At safepoint: 16200 ns, Total: 164500 ns
[2020-09-05T13:16:28.516+0000][6][safepoint    ] Safepoint "Cleanup", Time since last: 1001259900 ns, Reaching safepoint: 144700 ns, At safepoint: 13100 ns, Total: 157800 ns
[2020-09-05T13:16:29.519+0000][6][safepoint    ] Safepoint "Cleanup", Time since last: 1001861700 ns, Reaching safepoint: 907600 ns, At safepoint: 17200 ns, Total: 924800 ns
[2020-09-05T13:16:30.520+0000][6][safepoint    ] Safepoint "Cleanup", Time since last: 1001159900 ns, Reaching safepoint: 340300 ns, At safepoint: 22500 ns, Total: 362800 ns
[2020-09-05T13:16:31.528+0000][6][safepoint    ] Safepoint "Cleanup", Time since last: 1004100300 ns, Reaching safepoint: 3045700 ns, At safepoint: 64200 ns, Total: 3109900 ns
[2020-09-05T13:16:32.664+0000][6][safepoint    ] Safepoint "Cleanup", Time since last: 1135261500 ns, Reaching safepoint: 1079200 ns, At safepoint: 53300 ns, Total: 1132500 ns
[2020-09-05T13:16:33.681+0000][6][safepoint    ] Safepoint "Cleanup", Time since last: 1016997600 ns, Reaching safepoint: 381700 ns, At safepoint: 21800 ns, Total: 403500 ns
[2020-09-05T13:16:34.683+0000][6][safepoint    ] Safepoint "Cleanup", Time since last: 1000911100 ns, Reaching safepoint: 236000 ns, At safepoint: 16800 ns, Total: 252800 ns
[2020-09-05T13:16:35.684+0000][6][safepoint    ] Safepoint "Cleanup", Time since last: 1000932500 ns, Reaching safepoint: 156900 ns, At safepoint: 13600 ns, Total: 170500 ns
[2020-09-05T13:16:36.685+0000][6][safepoint    ] Safepoint "Cleanup", Time since last: 1000772800 ns, Reaching safepoint: 144300 ns, At safepoint: 13200 ns, Total: 157500 ns
[2020-09-05T13:16:37.686+0000][6][safepoint    ] Safepoint "Cleanup", Time since last: 1000851500 ns, Reaching safepoint: 376900 ns, At safepoint: 17300 ns, Total: 394200 ns
[2020-09-05T13:16:38.687+0000][6][safepoint    ] Safepoint "Cleanup", Time since last: 1000817500 ns, Reaching safepoint: 210900 ns, At safepoint: 17400 ns, Total: 228300 ns
[2020-09-05T13:16:40.447+0000][6][safepoint    ] Safepoint "Cleanup", Time since last: 1759563100 ns, Reaching safepoint: 214500 ns, At safepoint: 25200 ns, Total: 239700 ns
[2020-09-05T13:16:41.448+0000][6][safepoint    ] Safepoint "Cleanup", Time since last: 1000937200 ns, Reaching safepoint: 427400 ns, At safepoint: 11000 ns, Total: 438400 ns
[2020-09-05T13:16:42.449+0000][6][safepoint    ] Safepoint "Cleanup", Time since last: 1000922500 ns, Reaching safepoint: 148700 ns, At safepoint: 15600 ns, Total: 164300 ns
[2020-09-05T13:16:43.452+0000][6][safepoint    ] Safepoint "Cleanup", Time since last: 1002383900 ns, Reaching safepoint: 251100 ns, At safepoint: 21400 ns, Total: 272500 ns
[2020-09-05T13:16:44.548+0000][6][safepoint    ] Safepoint "Cleanup", Time since last: 1095716700 ns, Reaching safepoint: 144800 ns, At safepoint: 13200 ns, Total: 158000 ns
[2020-09-05T13:16:45.262+0000][6][gc,start     ] GC(21) Pause Young (Normal) (G1 Evacuation Pause)
[2020-09-05T13:16:45.268+0000][6][gc,task      ] GC(21) Using 2 workers of 2 for evacuation
[2020-09-05T13:16:45.269+0000][6][gc,age       ] GC(21) Desired survivor size 18874368 bytes, new threshold 15 (max threshold 15)
[2020-09-05T13:16:45.578+0000][6][gc,age       ] GC(21) Age table with threshold 15 (max threshold 15)
[2020-09-05T13:16:45.582+0000][6][gc,age       ] GC(21) - age   1:    3417128 bytes,    3417128 total
[2020-09-05T13:16:45.585+0000][6][gc,age       ] GC(21) - age   2:    4117096 bytes,    7534224 total
[2020-09-05T13:16:45.585+0000][6][gc,age       ] GC(21) - age   3:    6119944 bytes,   13654168 total
[2020-09-05T13:16:45.586+0000][6][gc,age       ] GC(21) - age   4:    2251088 bytes,   15905256 total
[2020-09-05T13:16:45.587+0000][6][gc,mmu       ] GC(21) MMU target violated: 201.0ms (200.0ms/201.0ms)
[2020-09-05T13:16:45.587+0000][6][gc,phases    ] GC(21)   Pre Evacuate Collection Set: 0.2ms
[2020-09-05T13:16:45.588+0000][6][gc,phases    ] GC(21)   Merge Heap Roots: 0.4ms
[2020-09-05T13:16:45.589+0000][6][gc,phases    ] GC(21)   Evacuate Collection Set: 286.5ms
[2020-09-05T13:16:45.590+0000][6][gc,phases    ] GC(21)   Post Evacuate Collection Set: 21.0ms
[2020-09-05T13:16:45.591+0000][6][gc,phases    ] GC(21)   Other: 17.6ms
[2020-09-05T13:16:45.592+0000][6][gc,heap      ] GC(21) Eden regions: 275->0(64)
[2020-09-05T13:16:45.593+0000][6][gc,heap      ] GC(21) Survivor regions: 13->16(36)
[2020-09-05T13:16:45.593+0000][6][gc,heap      ] GC(21) Old regions: 57->57
[2020-09-05T13:16:45.594+0000][6][gc,heap      ] GC(21) Archive regions: 2->2
[2020-09-05T13:16:45.594+0000][6][gc,heap      ] GC(21) Humongous regions: 7->7
[2020-09-05T13:16:45.595+0000][6][gc,metaspace ] GC(21) Metaspace: 93581K(101236K)->93581K(101236K) NonClass: 80851K(85412K)->80851K(85412K) Class: 12730K(15824K)->12730K(15824K)
[2020-09-05T13:16:45.596+0000][6][gc           ] GC(21) Pause Young (Normal) (G1 Evacuation Pause) 352M->80M(512M) 333.948ms
[2020-09-05T13:16:45.596+0000][6][gc,cpu       ] GC(21) User=0.14s Sys=0.05s Real=0.33s
[2020-09-05T13:16:45.597+0000][6][safepoint    ] Safepoint "G1CollectForAllocation", Time since last: 708822000 ns, Reaching safepoint: 5149600 ns, At safepoint: 335828500 ns, Total: 340978100 ns
[2020-09-05T13:16:46.609+0000][6][safepoint    ] Safepoint "Cleanup", Time since last: 1010802700 ns, Reaching safepoint: 262300 ns, At safepoint: 23100 ns, Total: 285400 ns
[2020-09-05T13:16:47.609+0000][6][safepoint    ] Safepoint "Cleanup", Time since last: 1000694200 ns, Reaching safepoint: 174400 ns, At safepoint: 14400 ns, Total: 188800 ns
[2020-09-05T13:16:48.611+0000][6][safepoint    ] Safepoint "Cleanup", Time since last: 1000964400 ns, Reaching safepoint: 857100 ns, At safepoint: 25700 ns, Total: 882800 ns
[2020-09-05T13:16:50.255+0000][6][safepoint    ] Safepoint "Cleanup", Time since last: 1674715400 ns, Reaching safepoint: 441500 ns, At safepoint: 21000 ns, Total: 462500 ns
[2020-09-05T13:16:51.256+0000][6][safepoint    ] Safepoint "Cleanup", Time since last: 1000961600 ns, Reaching safepoint: 152900 ns, At safepoint: 13600 ns, Total: 166500 ns
[2020-09-05T13:16:52.258+0000][6][safepoint    ] Safepoint "Cleanup", Time since last: 1001228900 ns, Reaching safepoint: 526400 ns, At safepoint: 43100 ns, Total: 569500 ns
[2020-09-05T13:16:53.261+0000][6][safepoint    ] Safepoint "Cleanup", Time since last: 1002364600 ns, Reaching safepoint: 253900 ns, At safepoint: 20600 ns, Total: 274500 ns
[2020-09-05T13:16:55.101+0000][6][safepoint    ] Safepoint "Cleanup", Time since last: 1840004200 ns, Reaching safepoint: 566500 ns, At safepoint: 58400 ns, Total: 624900 ns
[2020-09-05T13:16:56.191+0000][6][safepoint    ] Safepoint "Cleanup", Time since last: 1006232100 ns, Reaching safepoint: 82731400 ns, At safepoint: 169100 ns, Total: 82900500 ns
[2020-09-05T13:16:57.204+0000][6][safepoint    ] Safepoint "Cleanup", Time since last: 1013816300 ns, Reaching safepoint: 148500 ns, At safepoint: 16900 ns, Total: 165400 ns
[2020-09-05T13:16:58.579+0000][6][safepoint    ] Safepoint "Cleanup", Time since last: 1374009300 ns, Reaching safepoint: 240300 ns, At safepoint: 24900 ns, Total: 265200 ns
[2020-09-05T13:16:59.580+0000][6][safepoint    ] Safepoint "Cleanup", Time since last: 1000851300 ns, Reaching safepoint: 152000 ns, At safepoint: 12900 ns, Total: 164900 ns
[2020-09-05T13:17:00.581+0000][6][safepoint    ] Safepoint "Cleanup", Time since last: 1000967100 ns, Reaching safepoint: 405300 ns, At safepoint: 18600 ns, Total: 423900 ns
[2020-09-05T13:17:01.584+0000][6][safepoint    ] Safepoint "Cleanup", Time since last: 1002599600 ns, Reaching safepoint: 273000 ns, At safepoint: 17900 ns, Total: 290900 ns
[2020-09-05T13:17:02.588+0000][6][safepoint    ] Safepoint "Cleanup", Time since last: 1004090900 ns, Reaching safepoint: 267900 ns, At safepoint: 18500 ns, Total: 286400 ns
[2020-09-05T13:17:05.605+0000][6][safepoint    ] Safepoint "Cleanup", Time since last: 3015811600 ns, Reaching safepoint: 388300 ns, At safepoint: 38300 ns, Total: 426600 ns
[2020-09-05T13:17:07.949+0000][6][safepoint    ] Safepoint "Cleanup", Time since last: 2344071900 ns, Reaching safepoint: 275700 ns, At safepoint: 38100 ns, Total: 313800 ns
[2020-09-05T13:17:09.015+0000][6][safepoint    ] Safepoint "Cleanup", Time since last: 1064712900 ns, Reaching safepoint: 371700 ns, At safepoint: 19500 ns, Total: 391200 ns
[2020-09-05T13:17:10.016+0000][6][safepoint    ] Safepoint "Cleanup", Time since last: 1002014600 ns, Reaching safepoint: 254200 ns, At safepoint: 23000 ns, Total: 277200 ns
[2020-09-05T13:17:15.899+0000][6][safepoint    ] Safepoint "Cleanup", Time since last: 5757023100 ns, Reaching safepoint: 125694600 ns, At safepoint: 189900 ns, Total: 125884500 ns
[2020-09-05T13:17:16.905+0000][6][safepoint    ] Safepoint "Cleanup", Time since last: 1005389000 ns, Reaching safepoint: 272400 ns, At safepoint: 16700 ns, Total: 289100 ns
[2020-09-05T13:17:17.756+0000][6][safepoint    ] Safepoint "BulkRevokeBias", Time since last: 829348900 ns, Reaching safepoint: 8752400 ns, At safepoint: 13215100 ns, Total: 21967500 ns
[2020-09-05T13:17:19.352+0000][6][safepoint    ] Safepoint "Cleanup", Time since last: 1594192800 ns, Reaching safepoint: 1650900 ns, At safepoint: 151000 ns, Total: 1801900 ns
[2020-09-05T13:17:20.321+0000][6][safepoint    ] Safepoint "Cleanup", Time since last: 1002465600 ns, Reaching safepoint: 318300 ns, At safepoint: 13800 ns, Total: 332100 ns
[2020-09-05T13:17:21.322+0000][6][safepoint    ] Safepoint "Cleanup", Time since last: 1001003200 ns, Reaching safepoint: 166300 ns, At safepoint: 13300 ns, Total: 179600 ns
[2020-09-05T13:17:22.185+0000][6][safepoint    ] Safepoint "BulkRevokeBias", Time since last: 861018900 ns, Reaching safepoint: 412500 ns, At safepoint: 1778800 ns, Total: 2191300 ns
[2020-09-05T13:17:22.437+0000][6][safepoint    ] Safepoint "BulkRevokeBias", Time since last: 250192800 ns, Reaching safepoint: 598100 ns, At safepoint: 1077900 ns, Total: 1676000 ns
[2020-09-05T13:17:22.496+0000][6][safepoint    ] Safepoint "BulkRevokeBias", Time since last: 54280600 ns, Reaching safepoint: 3619400 ns, At safepoint: 1351700 ns, Total: 4971100 ns
[2020-09-05T13:17:22.737+0000][6][safepoint    ] Safepoint "BulkRevokeBias", Time since last: 237671500 ns, Reaching safepoint: 341200 ns, At safepoint: 2779500 ns, Total: 3120700 ns
[2020-09-05T13:17:24.456+0000][6][safepoint    ] Safepoint "Cleanup", Time since last: 1718286900 ns, Reaching safepoint: 377900 ns, At safepoint: 18800 ns, Total: 396700 ns
[2020-09-05T13:17:25.779+0000][6][safepoint    ] Safepoint "Cleanup", Time since last: 1321585300 ns, Reaching safepoint: 1367200 ns, At safepoint: 201800 ns, Total: 1569000 ns
[2020-09-05T13:17:26.351+0000][6][gc,start     ] GC(22) Pause Young (Normal) (G1 Evacuation Pause)
[2020-09-05T13:17:26.351+0000][6][gc,task      ] GC(22) Using 2 workers of 2 for evacuation
[2020-09-05T13:17:26.352+0000][6][gc,age       ] GC(22) Desired survivor size 5242880 bytes, new threshold 2 (max threshold 15)
[2020-09-05T13:17:26.467+0000][6][gc,age       ] GC(22) Age table with threshold 2 (max threshold 15)
[2020-09-05T13:17:26.467+0000][6][gc,age       ] GC(22) - age   1:    3193688 bytes,    3193688 total
[2020-09-05T13:17:26.468+0000][6][gc,age       ] GC(22) - age   2:    3365408 bytes,    6559096 total
[2020-09-05T13:17:26.468+0000][6][gc,phases    ] GC(22)   Pre Evacuate Collection Set: 1.6ms
[2020-09-05T13:17:26.469+0000][6][gc,phases    ] GC(22)   Merge Heap Roots: 3.4ms
[2020-09-05T13:17:26.469+0000][6][gc,phases    ] GC(22)   Evacuate Collection Set: 103.6ms
[2020-09-05T13:17:26.470+0000][6][gc,phases    ] GC(22)   Post Evacuate Collection Set: 4.8ms
[2020-09-05T13:17:26.471+0000][6][gc,phases    ] GC(22)   Other: 4.6ms
[2020-09-05T13:17:26.471+0000][6][gc,heap      ] GC(22) Eden regions: 64->0(269)
[2020-09-05T13:17:26.472+0000][6][gc,heap      ] GC(22) Survivor regions: 16->7(10)
[2020-09-05T13:17:26.473+0000][6][gc,heap      ] GC(22) Old regions: 57->69
[2020-09-05T13:17:26.473+0000][6][gc,heap      ] GC(22) Archive regions: 2->2
[2020-09-05T13:17:26.474+0000][6][gc,heap      ] GC(22) Humongous regions: 7->7
[2020-09-05T13:17:26.474+0000][6][gc,metaspace ] GC(22) Metaspace: 96240K(104436K)->96240K(104436K) NonClass: 83106K(87972K)->83106K(87972K) Class: 13134K(16464K)->13134K(16464K)
[2020-09-05T13:17:26.475+0000][6][gc           ] GC(22) Pause Young (Normal) (G1 Evacuation Pause) 144M->83M(512M) 124.396ms
[2020-09-05T13:17:26.475+0000][6][gc,cpu       ] GC(22) User=0.09s Sys=0.04s Real=0.13s
[2020-09-05T13:17:26.476+0000][6][safepoint    ] Safepoint "G1CollectForAllocation", Time since last: 569211900 ns, Reaching safepoint: 1891900 ns, At safepoint: 125957500 ns, Total: 127849400 ns
[2020-09-05T13:17:27.241+0000][6][safepoint    ] Safepoint "BulkRevokeBias", Time since last: 763888600 ns, Reaching safepoint: 419200 ns, At safepoint: 567100 ns, Total: 986300 ns
[2020-09-05T13:17:28.487+0000][6][safepoint    ] Safepoint "Cleanup", Time since last: 1245253000 ns, Reaching safepoint: 349700 ns, At safepoint: 16400 ns, Total: 366100 ns
[2020-09-05T13:17:29.605+0000][6][safepoint    ] Safepoint "Cleanup", Time since last: 1117644900 ns, Reaching safepoint: 583200 ns, At safepoint: 18700 ns, Total: 601900 ns
[2020-09-05T13:17:30.706+0000][6][safepoint    ] Safepoint "Cleanup", Time since last: 1100871900 ns, Reaching safepoint: 149500 ns, At safepoint: 13300 ns, Total: 162800 ns
[2020-09-05T13:17:31.224+0000][6][safepoint    ] Safepoint "BulkRevokeBias", Time since last: 516856400 ns, Reaching safepoint: 619200 ns, At safepoint: 631100 ns, Total: 1250300 ns
[2020-09-05T13:17:31.418+0000][6][safepoint    ] Safepoint "BulkRevokeBias", Time since last: 192308700 ns, Reaching safepoint: 607100 ns, At safepoint: 576500 ns, Total: 1183600 ns
[2020-09-05T13:17:31.451+0000][6][safepoint    ] Safepoint "BulkRevokeBias", Time since last: 30824000 ns, Reaching safepoint: 1581400 ns, At safepoint: 1134400 ns, Total: 2715800 ns
[2020-09-05T13:17:31.571+0000][6][safepoint    ] Safepoint "BulkRevokeBias", Time since last: 118557700 ns, Reaching safepoint: 1053800 ns, At safepoint: 444200 ns, Total: 1498000 ns
[2020-09-05T13:17:31.694+0000][6][safepoint    ] Safepoint "BulkRevokeBias", Time since last: 122221900 ns, Reaching safepoint: 498600 ns, At safepoint: 393900 ns, Total: 892500 ns
[2020-09-05T13:17:32.697+0000][6][safepoint    ] Safepoint "Cleanup", Time since last: 1001187000 ns, Reaching safepoint: 1510700 ns, At safepoint: 64300 ns, Total: 1575000 ns
[2020-09-05T13:17:33.715+0000][6][safepoint    ] Safepoint "Cleanup", Time since last: 1018171000 ns, Reaching safepoint: 270700 ns, At safepoint: 26600 ns, Total: 297300 ns
[2020-09-05T13:17:34.721+0000][6][safepoint    ] Safepoint "Cleanup", Time since last: 1005742400 ns, Reaching safepoint: 168800 ns, At safepoint: 13900 ns, Total: 182700 ns
[2020-09-05T13:17:35.734+0000][6][safepoint    ] Safepoint "Cleanup", Time since last: 1012787100 ns, Reaching safepoint: 196500 ns, At safepoint: 13200 ns, Total: 209700 ns
[2020-09-05T13:17:36.738+0000][6][safepoint    ] Safepoint "Cleanup", Time since last: 1002768500 ns, Reaching safepoint: 321700 ns, At safepoint: 17900 ns, Total: 339600 ns
[2020-09-05T13:17:37.739+0000][6][safepoint    ] Safepoint "Cleanup", Time since last: 1001098900 ns, Reaching safepoint: 308600 ns, At safepoint: 13900 ns, Total: 322500 ns
[2020-09-05T13:17:38.743+0000][6][safepoint    ] Safepoint "Cleanup", Time since last: 1003840200 ns, Reaching safepoint: 246800 ns, At safepoint: 17800 ns, Total: 264600 ns
[2020-09-05T13:17:39.746+0000][6][safepoint    ] Safepoint "Cleanup", Time since last: 1002500600 ns, Reaching safepoint: 339300 ns, At safepoint: 21400 ns, Total: 360700 ns
[2020-09-05T13:17:40.764+0000][6][safepoint    ] Safepoint "Cleanup", Time since last: 1017653100 ns, Reaching safepoint: 490200 ns, At safepoint: 61600 ns, Total: 551800 ns
[2020-09-05T13:17:41.774+0000][6][safepoint    ] Safepoint "Cleanup", Time since last: 1009891700 ns, Reaching safepoint: 198600 ns, At safepoint: 13100 ns, Total: 211700 ns
[2020-09-05T13:17:42.776+0000][6][safepoint    ] Safepoint "Cleanup", Time since last: 1001207600 ns, Reaching safepoint: 216800 ns, At safepoint: 15700 ns, Total: 232500 ns
[2020-09-05T13:17:43.778+0000][6][safepoint    ] Safepoint "Cleanup", Time since last: 1001877400 ns, Reaching safepoint: 271900 ns, At safepoint: 14200 ns, Total: 286100 ns
[2020-09-05T13:17:44.781+0000][6][safepoint    ] Safepoint "Cleanup", Time since last: 1002211300 ns, Reaching safepoint: 1006400 ns, At safepoint: 32800 ns, Total: 1039200 ns
[2020-09-05T13:17:45.783+0000][6][safepoint    ] Safepoint "Cleanup", Time since last: 1001361500 ns, Reaching safepoint: 183900 ns, At safepoint: 13700 ns, Total: 197600 ns
[2020-09-05T13:17:46.784+0000][6][safepoint    ] Safepoint "Cleanup", Time since last: 1001309600 ns, Reaching safepoint: 227600 ns, At safepoint: 17000 ns, Total: 244600 ns
[2020-09-05T13:17:47.785+0000][6][safepoint    ] Safepoint "Cleanup", Time since last: 1001001100 ns, Reaching safepoint: 218700 ns, At safepoint: 14400 ns, Total: 233100 ns
[2020-09-05T13:17:48.787+0000][6][safepoint    ] Safepoint "Cleanup", Time since last: 1001425200 ns, Reaching safepoint: 239900 ns, At safepoint: 26500 ns, Total: 266400 ns
[2020-09-05T13:17:49.756+0000][6][safepoint    ] Safepoint "Cleanup", Time since last: 1001866400 ns, Reaching safepoint: 383200 ns, At safepoint: 23900 ns, Total: 407100 ns
[2020-09-05T13:17:50.758+0000][6][safepoint    ] Safepoint "Cleanup", Time since last: 1002481100 ns, Reaching safepoint: 282200 ns, At safepoint: 17900 ns, Total: 300100 ns
[2020-09-05T13:17:51.762+0000][6][safepoint    ] Safepoint "Cleanup", Time since last: 1003193400 ns, Reaching safepoint: 166300 ns, At safepoint: 13300 ns, Total: 179600 ns
[2020-09-05T13:17:52.768+0000][6][safepoint    ] Safepoint "Cleanup", Time since last: 1004962700 ns, Reaching safepoint: 850400 ns, At safepoint: 20900 ns, Total: 871300 ns
[2020-09-05T13:17:53.770+0000][6][safepoint    ] Safepoint "Cleanup", Time since last: 1001930200 ns, Reaching safepoint: 163300 ns, At safepoint: 14700 ns, Total: 178000 ns
[2020-09-05T13:17:54.772+0000][6][safepoint    ] Safepoint "Cleanup", Time since last: 1002390900 ns, Reaching safepoint: 198100 ns, At safepoint: 13900 ns, Total: 212000 ns
[2020-09-05T13:17:55.774+0000][6][safepoint    ] Safepoint "Cleanup", Time since last: 1001282400 ns, Reaching safepoint: 151700 ns, At safepoint: 14800 ns, Total: 166500 ns
[2020-09-05T13:17:56.776+0000][6][safepoint    ] Safepoint "Cleanup", Time since last: 1001803000 ns, Reaching safepoint: 163800 ns, At safepoint: 14600 ns, Total: 178400 ns
[2020-09-05T13:17:57.777+0000][6][safepoint    ] Safepoint "Cleanup", Time since last: 1001665000 ns, Reaching safepoint: 157200 ns, At safepoint: 14800 ns, Total: 172000 ns
[2020-09-05T13:17:58.779+0000][6][safepoint    ] Safepoint "Cleanup", Time since last: 1001529000 ns, Reaching safepoint: 235800 ns, At safepoint: 26900 ns, Total: 262700 ns
[2020-09-05T13:17:59.782+0000][6][safepoint    ] Safepoint "Cleanup", Time since last: 1002248500 ns, Reaching safepoint: 177900 ns, At safepoint: 15000 ns, Total: 192900 ns
[2020-09-05T13:18:00.784+0000][6][safepoint    ] Safepoint "Cleanup", Time since last: 1001752800 ns, Reaching safepoint: 195100 ns, At safepoint: 14300 ns, Total: 209400 ns
[2020-09-05T13:18:01.793+0000][6][safepoint    ] Safepoint "Cleanup", Time since last: 1008729100 ns, Reaching safepoint: 231000 ns, At safepoint: 18100 ns, Total: 249100 ns
[2020-09-05T13:18:02.802+0000][6][safepoint    ] Safepoint "Cleanup", Time since last: 1009050700 ns, Reaching safepoint: 273900 ns, At safepoint: 12900 ns, Total: 286800 ns
[2020-09-05T13:18:03.806+0000][6][safepoint    ] Safepoint "Cleanup", Time since last: 1002489100 ns, Reaching safepoint: 1479100 ns, At safepoint: 33100 ns, Total: 1512200 ns
[2020-09-05T13:18:04.808+0000][6][safepoint    ] Safepoint "Cleanup", Time since last: 1001266600 ns, Reaching safepoint: 410200 ns, At safepoint: 18100 ns, Total: 428300 ns
[2020-09-05T13:18:05.811+0000][6][safepoint    ] Safepoint "Cleanup", Time since last: 1001713400 ns, Reaching safepoint: 1295300 ns, At safepoint: 97300 ns, Total: 1392600 ns
[2020-09-05T13:18:06.816+0000][6][safepoint    ] Safepoint "Cleanup", Time since last: 1003948000 ns, Reaching safepoint: 830800 ns, At safepoint: 51600 ns, Total: 882400 ns
[2020-09-05T13:18:07.878+0000][6][safepoint    ] Safepoint "Cleanup", Time since last: 1005345700 ns, Reaching safepoint: 42710500 ns, At safepoint: 11898700 ns, Total: 54609200 ns
[2020-09-05T13:18:09.734+0000][6][safepoint    ] Safepoint "Cleanup", Time since last: 1858307400 ns, Reaching safepoint: 140000 ns, At safepoint: 12500 ns, Total: 152500 ns
[2020-09-05T13:18:10.738+0000][6][safepoint    ] Safepoint "Cleanup", Time since last: 1002316400 ns, Reaching safepoint: 1437100 ns, At safepoint: 63800 ns, Total: 1500900 ns
[2020-09-05T13:18:11.742+0000][6][safepoint    ] Safepoint "Cleanup", Time since last: 1003665900 ns, Reaching safepoint: 712700 ns, At safepoint: 29200 ns, Total: 741900 ns
[2020-09-05T13:18:12.744+0000][6][safepoint    ] Safepoint "Cleanup", Time since last: 1001180700 ns, Reaching safepoint: 339500 ns, At safepoint: 26400 ns, Total: 365900 ns
[2020-09-05T13:18:13.745+0000][6][safepoint    ] Safepoint "Cleanup", Time since last: 1001421500 ns, Reaching safepoint: 176500 ns, At safepoint: 13600 ns, Total: 190100 ns
[2020-09-05T13:18:14.747+0000][6][safepoint    ] Safepoint "Cleanup", Time since last: 1001020100 ns, Reaching safepoint: 212300 ns, At safepoint: 11700 ns, Total: 224000 ns
